{"caso":"GET","hora":"19:38:47","ruta":"http:\/\/localhost\/RP.muruchi\/pizzas?sabor=muzza&tipo=molde"}
{"caso":"POST","hora":"19:47:34","ruta":"http:\/\/localhost\/RP.muruchi\/pizzas"}
{"caso":"GET","hora":"19:48:10","ruta":"http:\/\/localhost\/RP.muruchi\/pizzas?sabor=muzza&tipo=molde"}
{"caso":"POST","hora":"19:52:20","ruta":"http:\/\/localhost\/RP.muruchi\/pizzas"}
{"caso":"POST","hora":"19:52:31","ruta":"http:\/\/localhost\/RP.muruchi\/pizzas"}
{"caso":"GET","hora":"19:53:00","ruta":"http:\/\/localhost\/RP.muruchi\/pizzas?sabor=muzza&tipo=molde"}
{"caso":"GET","hora":"19:53:07","ruta":"http:\/\/localhost\/RP.muruchi\/pizzas?sabor=jamon&tipo=molde"}
{"caso":"GET","hora":"19:53:19","ruta":"http:\/\/localhost\/RP.muruchi\/pizzas?sabor=jamoN&tipo=molde"}
{"caso":"POST","hora":"20:32:55","ruta":"http:\/\/localhost\/RP.muruchi\/ventas"}
{"caso":"POST","hora":"20:33:39","ruta":"http:\/\/localhost\/RP.muruchi\/ventas"}
{"caso":"POST","hora":"20:35:44","ruta":"http:\/\/localhost\/RP.muruchi\/ventas"}
{"caso":"POST","hora":"20:35:52","ruta":"http:\/\/localhost\/RP.muruchi\/ventas"}
{"caso":"POST","hora":"20:35:59","ruta":"http:\/\/localhost\/RP.muruchi\/ventas"}
{"caso":"POST","hora":"20:36:28","ruta":"http:\/\/localhost\/RP.muruchi\/ventas"}
{"caso":"POST","hora":"20:37:08","ruta":"http:\/\/localhost\/RP.muruchi\/ventas"}
{"caso":"POST","hora":"20:37:19","ruta":"http:\/\/localhost\/RP.muruchi\/ventas"}
{"caso":"POST","hora":"20:39:49","ruta":"http:\/\/localhost\/RP.muruchi\/ventas"}
{"caso":"POST","hora":"20:40:22","ruta":"http:\/\/localhost\/RP.muruchi\/ventas"}
{"caso":"POST","hora":"20:40:24","ruta":"http:\/\/localhost\/RP.muruchi\/ventas"}
{"caso":"POST","hora":"20:40:24","ruta":"http:\/\/localhost\/RP.muruchi\/ventas"}
{"caso":"POST","hora":"20:48:27","ruta":"http:\/\/localhost\/RP.muruchi\/pizza"}
{"caso":"POST","hora":"20:48:33","ruta":"http:\/\/localhost\/RP.muruchi\/pizza"}
{"caso":"POST","hora":"20:48:41","ruta":"http:\/\/localhost\/RP.muruchi\/pizza"}
{"caso":"POST","hora":"20:48:58","ruta":"http:\/\/localhost\/RP.muruchi\/pizza"}
{"caso":"POST","hora":"20:49:04","ruta":"http:\/\/localhost\/RP.muruchi\/pizza"}
{"caso":"POST","hora":"20:49:46","ruta":"http:\/\/localhost\/RP.muruchi\/pizza"}
{"caso":"POST","hora":"20:50:37","ruta":"http:\/\/localhost\/RP.muruchi\/pizza"}
{"caso":"POST","hora":"20:50:44","ruta":"http:\/\/localhost\/RP.muruchi\/pizza"}
{"caso":"POST","hora":"20:50:51","ruta":"http:\/\/localhost\/RP.muruchi\/pizza"}
{"caso":"POST","hora":"20:51:43","ruta":"http:\/\/localhost\/RP.muruchi\/pizza"}
{"caso":"POST","hora":"20:56:00","ruta":"http:\/\/localhost\/RP.muruchi\/pizza"}
{"caso":"POST","hora":"20:57:48","ruta":"http:\/\/localhost\/RP.muruchi\/ventas"}
{"caso":"POST","hora":"20:58:36","ruta":"http:\/\/localhost\/RP.muruchi\/pizza"}
{"caso":"POST","hora":"21:26:32","ruta":"http:\/\/localhost\/RP.muruchi\/ventas"}
{"caso":"POST","hora":"21:26:48","ruta":"http:\/\/localhost\/RP.muruchi\/ventas"}
{"caso":"POST","hora":"21:27:32","ruta":"http:\/\/localhost\/RP.muruchi\/pizza"}
{"caso":"POST","hora":"21:27:43","ruta":"http:\/\/localhost\/RP.muruchi\/pizza"}
{"caso":"POST","hora":"21:29:35","ruta":"http:\/\/localhost\/RP.muruchi\/pizza"}
{"caso":"POST","hora":"21:30:05","ruta":"http:\/\/localhost\/RP.muruchi\/pizza"}
{"caso":"POST","hora":"21:31:52","ruta":"http:\/\/localhost\/RP.muruchi\/pizza"}
{"caso":"POST","hora":"21:33:42","ruta":"http:\/\/localhost\/RP.muruchi\/pizza"}
{"caso":"POST","hora":"21:33:53","ruta":"http:\/\/localhost\/RP.muruchi\/pizza"}
{"caso":"POST","hora":"21:34:36","ruta":"http:\/\/localhost\/RP.muruchi\/pizza"}
