[2019-06-13 14:22:41] UTN FRA LOGGER.INFO: ::1 [] {"uid":"ecfba35"}
[2019-06-13 14:23:14] UTN FRA LOGGER.INFO: ip :::1 [] {"uid":"f1af206"}
[2019-06-13 14:31:21] UTN FRA LOGGER.INFO: info  =Mozilla/5.0 (X11; Linux x86_64) AppleWebKit/537.36 (KHTML, like Gecko) Chrome/73.0.3683.86 Safari/537.36 [] {"uid":"2676799"}
[2019-06-13 14:31:21] UTN FRA LOGGER.INFO: ip =::1 [] {"uid":"2676799"}
[2019-06-13 14:33:01] UTN FRA LOGGER.INFO: info  =PostmanRuntime/7.1.1 [] {"uid":"1c0e970"}
[2019-06-13 14:33:01] UTN FRA LOGGER.INFO: ip =::1 [] {"uid":"1c0e970"}
[2019-06-13 14:33:04] UTN FRA LOGGER.INFO: info  =PostmanRuntime/7.1.1 [] {"uid":"e0a490b"}
[2019-06-13 14:33:04] UTN FRA LOGGER.INFO: ip =::1 [] {"uid":"e0a490b"}
[2019-06-13 14:33:08] UTN FRA LOGGER.INFO: info  =PostmanRuntime/7.1.1 [] {"uid":"5792b8b"}
[2019-06-13 14:33:08] UTN FRA LOGGER.INFO: ip =::1 [] {"uid":"5792b8b"}
[2019-06-13 14:33:14] UTN FRA LOGGER.INFO: info  =PostmanRuntime/7.1.1 [] {"uid":"c3f3041"}
[2019-06-13 14:33:14] UTN FRA LOGGER.INFO: ip =::1 [] {"uid":"c3f3041"}
[2019-06-13 14:41:27] UTN FRA LOGGER.INFO: info  =Mozilla/5.0 (X11; Linux x86_64; rv:60.0) Gecko/20100101 Firefox/60.0 [] {"uid":"d971c69"}
[2019-06-13 14:41:27] UTN FRA LOGGER.INFO: ip =127.0.0.1 [] {"uid":"d971c69"}
[2019-06-13 14:46:20] UTN FRA LOGGER.INFO: info  =Mozilla/5.0 (X11; Linux x86_64; rv:60.0) Gecko/20100101 Firefox/60.0 [] {"uid":"01737b9"}
[2019-06-13 14:46:20] UTN FRA LOGGER.INFO: ip =127.0.0.1 [] {"uid":"01737b9"}
[2019-06-13 14:48:37] UTN FRA LOGGER.INFO: info  =Mozilla/5.0 (X11; Linux x86_64) AppleWebKit/537.36 (KHTML, like Gecko) Chrome/50.0.2661.76 YaBrowser/16.6.0.6383 (beta) Safari/537.36 [] {"uid":"5d9f7e5"}
[2019-06-13 14:48:37] UTN FRA LOGGER.INFO: ip =::1 [] {"uid":"5d9f7e5"}
[2019-06-13 14:48:52] UTN FRA LOGGER.INFO: info  =Mozilla/5.0 (X11; Linux x86_64) AppleWebKit/537.36 (KHTML, like Gecko) Chrome/50.0.2661.76 YaBrowser/16.6.0.6383 (beta) Safari/537.36 [] {"uid":"f6cdba9"}
[2019-06-13 14:48:52] UTN FRA LOGGER.INFO: ip =::1 [] {"uid":"f6cdba9"}
[2019-06-13 14:48:59] UTN FRA LOGGER.INFO: info  =Mozilla/5.0 (X11; Linux x86_64) AppleWebKit/537.36 (KHTML, like Gecko) Chrome/50.0.2661.76 YaBrowser/16.6.0.6383 (beta) Safari/537.36 [] {"uid":"7fb9fe5"}
[2019-06-13 14:48:59] UTN FRA LOGGER.INFO: ip =::1 [] {"uid":"7fb9fe5"}
[2019-06-13 14:50:12] UTN FRA LOGGER.INFO: info  =Mozilla/5.0 (X11; Linux x86_64) AppleWebKit/537.36 (KHTML, like Gecko) Chrome/71.0.3578.98 Safari/537.36 OPR/58.0.3135.107 [] {"uid":"05adba9"}
[2019-06-13 14:50:13] UTN FRA LOGGER.INFO: ip =::1 [] {"uid":"05adba9"}
[2019-06-13 14:51:49] UTN FRA LOGGER.INFO: info  =Mozilla/5.0 (X11; Linux x86_64) AppleWebKit/537.36 (KHTML, like Gecko) Chrome/73.0.3683.86 Safari/537.36 [] {"uid":"4869fa1"}
[2019-06-13 14:51:49] UTN FRA LOGGER.INFO: ip =::1 [] {"uid":"4869fa1"}
[2019-06-13 14:52:04] UTN FRA LOGGER.INFO: info  =PostmanRuntime/7.1.1 [] {"uid":"955f892"}
[2019-06-13 14:52:04] UTN FRA LOGGER.INFO: ip =::1 [] {"uid":"955f892"}
[2019-06-13 14:52:24] UTN FRA LOGGER.INFO: Datos  =PostmanRuntime/7.1.1 [] {"uid":"3d3557f"}
[2019-06-13 14:52:24] UTN FRA LOGGER.INFO: ip =::1 [] {"uid":"3d3557f"}
[2019-06-13 14:52:34] UTN FRA LOGGER.INFO: Datos  =Mozilla/5.0 (X11; Linux x86_64) AppleWebKit/537.36 (KHTML, like Gecko) Chrome/71.0.3578.98 Safari/537.36 OPR/58.0.3135.107 [] {"uid":"521a87e"}
[2019-06-13 14:52:34] UTN FRA LOGGER.INFO: ip =::1 [] {"uid":"521a87e"}
[2019-06-13 14:54:41] UTN FRA LOGGER.INFO: Datos  =Mozilla/5.0 (X11; Linux x86_64) AppleWebKit/537.36 (KHTML, like Gecko) Chrome/73.0.3683.86 Safari/537.36 [] {"uid":"15b9fd3"}
[2019-06-13 14:54:41] UTN FRA LOGGER.INFO: ip =::1 [] {"uid":"15b9fd3"}
[2019-06-13 15:40:36] UTN FRA LOGGER.INFO: Datos  =Mozilla/5.0 (X11; Linux x86_64) AppleWebKit/537.36 (KHTML, like Gecko) Chrome/73.0.3683.86 Safari/537.36 [] {"uid":"bbb9226"}
[2019-06-13 15:40:36] UTN FRA LOGGER.INFO: ip =::1 [] {"uid":"bbb9226"}
[2019-06-13 15:40:42] UTN FRA LOGGER.INFO: Datos  =Mozilla/5.0 (X11; Linux x86_64) AppleWebKit/537.36 (KHTML, like Gecko) Chrome/73.0.3683.86 Safari/537.36 [] {"uid":"d5105f7"}
[2019-06-13 15:40:42] UTN FRA LOGGER.INFO: ip =::1 [] {"uid":"d5105f7"}
[2019-06-13 15:41:29] UTN FRA LOGGER.INFO: Datos  =Mozilla/5.0 (X11; Linux x86_64) AppleWebKit/537.36 (KHTML, like Gecko) Chrome/73.0.3683.86 Safari/537.36 [] {"uid":"e12c6d8"}
[2019-06-13 15:41:29] UTN FRA LOGGER.INFO: ip =::1 [] {"uid":"e12c6d8"}
[2019-06-13 15:42:30] UTN FRA LOGGER.INFO: Datos  =Mozilla/5.0 (X11; Linux x86_64) AppleWebKit/537.36 (KHTML, like Gecko) Chrome/73.0.3683.86 Safari/537.36 [] {"uid":"36ef6fa"}
[2019-06-13 15:42:30] UTN FRA LOGGER.INFO: ip =::1 [] {"uid":"36ef6fa"}
[2019-06-13 15:45:52] UTN FRA LOGGER.INFO: Datos  =Mozilla/5.0 (X11; Linux x86_64) AppleWebKit/537.36 (KHTML, like Gecko) Chrome/73.0.3683.86 Safari/537.36 [] {"uid":"452e00c"}
[2019-06-13 15:45:52] UTN FRA LOGGER.INFO: ip =::1 [] {"uid":"452e00c"}
[2019-06-13 15:46:48] UTN FRA LOGGER.INFO: Datos  =Mozilla/5.0 (X11; Linux x86_64) AppleWebKit/537.36 (KHTML, like Gecko) Chrome/73.0.3683.86 Safari/537.36 [] {"uid":"accaf17"}
[2019-06-13 15:46:48] UTN FRA LOGGER.INFO: ip =::1 [] {"uid":"accaf17"}
[2019-06-13 15:46:49] UTN FRA LOGGER.INFO: Datos  =Mozilla/5.0 (X11; Linux x86_64) AppleWebKit/537.36 (KHTML, like Gecko) Chrome/73.0.3683.86 Safari/537.36 [] {"uid":"2977b9f"}
[2019-06-13 15:46:49] UTN FRA LOGGER.INFO: ip =::1 [] {"uid":"2977b9f"}
[2019-06-13 15:46:50] UTN FRA LOGGER.INFO: Datos  =Mozilla/5.0 (X11; Linux x86_64) AppleWebKit/537.36 (KHTML, like Gecko) Chrome/73.0.3683.86 Safari/537.36 [] {"uid":"5b1fbcd"}
[2019-06-13 15:46:50] UTN FRA LOGGER.INFO: ip =::1 [] {"uid":"5b1fbcd"}
[2019-06-13 15:47:05] UTN FRA LOGGER.INFO: Datos  =Mozilla/5.0 (X11; Linux x86_64) AppleWebKit/537.36 (KHTML, like Gecko) Chrome/73.0.3683.86 Safari/537.36 [] {"uid":"618e906"}
[2019-06-13 15:47:05] UTN FRA LOGGER.INFO: ip =::1 [] {"uid":"618e906"}
[2019-06-13 15:47:10] UTN FRA LOGGER.INFO: Datos  =Mozilla/5.0 (X11; Linux x86_64) AppleWebKit/537.36 (KHTML, like Gecko) Chrome/73.0.3683.86 Safari/537.36 [] {"uid":"e6f850c"}
[2019-06-13 15:47:10] UTN FRA LOGGER.INFO: ip =::1 [] {"uid":"e6f850c"}
[2019-06-13 15:47:16] UTN FRA LOGGER.INFO: Datos  =Mozilla/5.0 (X11; Linux x86_64) AppleWebKit/537.36 (KHTML, like Gecko) Chrome/73.0.3683.86 Safari/537.36 [] {"uid":"6080469"}
[2019-06-13 15:47:16] UTN FRA LOGGER.INFO: ip =::1 [] {"uid":"6080469"}
[2019-06-13 15:47:52] UTN FRA LOGGER.INFO: Datos  =Mozilla/5.0 (X11; Linux x86_64) AppleWebKit/537.36 (KHTML, like Gecko) Chrome/73.0.3683.86 Safari/537.36 [] {"uid":"be829a8"}
[2019-06-13 15:47:52] UTN FRA LOGGER.INFO: ip =::1 [] {"uid":"be829a8"}
[2019-06-13 15:47:55] UTN FRA LOGGER.INFO: Datos  =Mozilla/5.0 (X11; Linux x86_64) AppleWebKit/537.36 (KHTML, like Gecko) Chrome/73.0.3683.86 Safari/537.36 [] {"uid":"8f497ca"}
[2019-06-13 15:47:55] UTN FRA LOGGER.INFO: ip =::1 [] {"uid":"8f497ca"}
[2019-06-13 15:48:12] UTN FRA LOGGER.INFO: Datos  =Mozilla/5.0 (X11; Linux x86_64) AppleWebKit/537.36 (KHTML, like Gecko) Chrome/73.0.3683.86 Safari/537.36 [] {"uid":"9e48c5a"}
[2019-06-13 15:48:12] UTN FRA LOGGER.INFO: ip =::1 [] {"uid":"9e48c5a"}
[2019-06-13 15:48:15] UTN FRA LOGGER.INFO: Datos  =Mozilla/5.0 (X11; Linux x86_64) AppleWebKit/537.36 (KHTML, like Gecko) Chrome/73.0.3683.86 Safari/537.36 [] {"uid":"b916695"}
[2019-06-13 15:48:15] UTN FRA LOGGER.INFO: ip =::1 [] {"uid":"b916695"}
[2019-06-13 15:50:55] UTN FRA LOGGER.INFO: Datos  =Mozilla/5.0 (X11; Linux x86_64) AppleWebKit/537.36 (KHTML, like Gecko) Chrome/73.0.3683.86 Safari/537.36 [] {"uid":"1dd5fc6"}
[2019-06-13 15:50:55] UTN FRA LOGGER.INFO: ip =::1 [] {"uid":"1dd5fc6"}
[2019-06-13 15:51:28] UTN FRA LOGGER.INFO: Datos  =Mozilla/5.0 (X11; Linux x86_64) AppleWebKit/537.36 (KHTML, like Gecko) Chrome/73.0.3683.86 Safari/537.36 [] {"uid":"458c08c"}
[2019-06-13 15:51:28] UTN FRA LOGGER.INFO: ip =::1 [] {"uid":"458c08c"}
[2019-06-13 15:51:33] UTN FRA LOGGER.INFO: Datos  =Mozilla/5.0 (X11; Linux x86_64) AppleWebKit/537.36 (KHTML, like Gecko) Chrome/73.0.3683.86 Safari/537.36 [] {"uid":"c57b200"}
[2019-06-13 15:51:33] UTN FRA LOGGER.INFO: ip =::1 [] {"uid":"c57b200"}
[2019-06-13 15:53:23] UTN FRA LOGGER.INFO: Datos  =Mozilla/5.0 (X11; Linux x86_64) AppleWebKit/537.36 (KHTML, like Gecko) Chrome/73.0.3683.86 Safari/537.36 [] {"uid":"903207f"}
[2019-06-13 15:53:23] UTN FRA LOGGER.INFO: ip =::1 [] {"uid":"903207f"}
[2019-06-13 15:53:26] UTN FRA LOGGER.INFO: Datos  =Mozilla/5.0 (X11; Linux x86_64) AppleWebKit/537.36 (KHTML, like Gecko) Chrome/73.0.3683.86 Safari/537.36 [] {"uid":"3a71660"}
[2019-06-13 15:53:26] UTN FRA LOGGER.INFO: ip =::1 [] {"uid":"3a71660"}
[2019-06-13 15:54:00] UTN FRA LOGGER.INFO: Datos  =Mozilla/5.0 (X11; Linux x86_64) AppleWebKit/537.36 (KHTML, like Gecko) Chrome/73.0.3683.86 Safari/537.36 [] {"uid":"b363313"}
[2019-06-13 15:54:00] UTN FRA LOGGER.INFO: ip =::1 [] {"uid":"b363313"}
[2019-06-13 15:54:01] UTN FRA LOGGER.INFO: Datos  =Mozilla/5.0 (X11; Linux x86_64) AppleWebKit/537.36 (KHTML, like Gecko) Chrome/73.0.3683.86 Safari/537.36 [] {"uid":"a1ab03e"}
[2019-06-13 15:54:01] UTN FRA LOGGER.INFO: ip =::1 [] {"uid":"a1ab03e"}
[2019-06-13 15:54:01] UTN FRA LOGGER.INFO: Datos  =Mozilla/5.0 (X11; Linux x86_64) AppleWebKit/537.36 (KHTML, like Gecko) Chrome/73.0.3683.86 Safari/537.36 [] {"uid":"74bb1fc"}
[2019-06-13 15:54:01] UTN FRA LOGGER.INFO: ip =::1 [] {"uid":"74bb1fc"}
[2019-06-13 15:54:01] UTN FRA LOGGER.INFO: Datos  =Mozilla/5.0 (X11; Linux x86_64) AppleWebKit/537.36 (KHTML, like Gecko) Chrome/73.0.3683.86 Safari/537.36 [] {"uid":"e07b9d7"}
[2019-06-13 15:54:01] UTN FRA LOGGER.INFO: ip =::1 [] {"uid":"e07b9d7"}
[2019-06-13 15:54:01] UTN FRA LOGGER.INFO: Datos  =Mozilla/5.0 (X11; Linux x86_64) AppleWebKit/537.36 (KHTML, like Gecko) Chrome/73.0.3683.86 Safari/537.36 [] {"uid":"b3e7a0b"}
[2019-06-13 15:54:01] UTN FRA LOGGER.INFO: ip =::1 [] {"uid":"b3e7a0b"}
[2019-06-13 15:54:02] UTN FRA LOGGER.INFO: Datos  =Mozilla/5.0 (X11; Linux x86_64) AppleWebKit/537.36 (KHTML, like Gecko) Chrome/73.0.3683.86 Safari/537.36 [] {"uid":"e6fa77e"}
[2019-06-13 15:54:02] UTN FRA LOGGER.INFO: ip =::1 [] {"uid":"e6fa77e"}
[2019-06-13 15:54:02] UTN FRA LOGGER.INFO: Datos  =Mozilla/5.0 (X11; Linux x86_64) AppleWebKit/537.36 (KHTML, like Gecko) Chrome/73.0.3683.86 Safari/537.36 [] {"uid":"262fbd8"}
[2019-06-13 15:54:02] UTN FRA LOGGER.INFO: ip =::1 [] {"uid":"262fbd8"}
[2019-06-13 15:54:29] UTN FRA LOGGER.INFO: Datos  =Mozilla/5.0 (X11; Linux x86_64) AppleWebKit/537.36 (KHTML, like Gecko) Chrome/73.0.3683.86 Safari/537.36 [] {"uid":"69026c5"}
[2019-06-13 15:54:29] UTN FRA LOGGER.INFO: ip =::1 [] {"uid":"69026c5"}
[2019-06-13 15:54:53] UTN FRA LOGGER.INFO: Datos  =Mozilla/5.0 (X11; Linux x86_64) AppleWebKit/537.36 (KHTML, like Gecko) Chrome/73.0.3683.86 Safari/537.36 [] {"uid":"7f80bac"}
[2019-06-13 15:54:53] UTN FRA LOGGER.INFO: ip =::1 [] {"uid":"7f80bac"}
[2019-06-13 16:14:20] UTN FRA LOGGER.INFO: Datos  =PostmanRuntime/7.1.1 [] {"uid":"f37f107"}
[2019-06-13 16:14:20] UTN FRA LOGGER.INFO: ip =::1 [] {"uid":"f37f107"}
[2019-06-13 16:14:25] UTN FRA LOGGER.INFO: Datos  =PostmanRuntime/7.1.1 [] {"uid":"f86c548"}
[2019-06-13 16:14:25] UTN FRA LOGGER.INFO: ip =::1 [] {"uid":"f86c548"}
[2019-06-13 16:16:52] UTN FRA LOGGER.INFO: Datos  =PostmanRuntime/7.1.1 [] {"uid":"cfce916"}
[2019-06-13 16:16:52] UTN FRA LOGGER.INFO: ip =::1 [] {"uid":"cfce916"}
[2019-06-13 16:16:56] UTN FRA LOGGER.INFO: Datos  =PostmanRuntime/7.1.1 [] {"uid":"24b074c"}
[2019-06-13 16:16:56] UTN FRA LOGGER.INFO: ip =::1 [] {"uid":"24b074c"}
[2019-06-13 16:17:07] UTN FRA LOGGER.INFO: Datos  =PostmanRuntime/7.1.1 [] {"uid":"fecc8fc"}
[2019-06-13 16:17:07] UTN FRA LOGGER.INFO: ip =::1 [] {"uid":"fecc8fc"}
[2019-06-13 16:19:09] UTN FRA LOGGER.INFO: Datos  =Mozilla/5.0 (X11; Linux x86_64) AppleWebKit/537.36 (KHTML, like Gecko) Chrome/73.0.3683.86 Safari/537.36 [] {"uid":"e2193d4"}
[2019-06-13 16:19:09] UTN FRA LOGGER.INFO: ip =::1 [] {"uid":"e2193d4"}
[2019-06-13 16:19:58] UTN FRA LOGGER.INFO: Datos  =Mozilla/5.0 (X11; Linux x86_64) AppleWebKit/537.36 (KHTML, like Gecko) Chrome/73.0.3683.86 Safari/537.36 [] {"uid":"d83d781"}
[2019-06-13 16:19:58] UTN FRA LOGGER.INFO: ip =::1 [] {"uid":"d83d781"}
[2019-06-13 16:20:00] UTN FRA LOGGER.INFO: Datos  =Mozilla/5.0 (X11; Linux x86_64) AppleWebKit/537.36 (KHTML, like Gecko) Chrome/73.0.3683.86 Safari/537.36 [] {"uid":"89e32cc"}
[2019-06-13 16:20:00] UTN FRA LOGGER.INFO: ip =::1 [] {"uid":"89e32cc"}
[2019-06-13 16:20:32] UTN FRA LOGGER.INFO: Datos  =Mozilla/5.0 (X11; Linux x86_64) AppleWebKit/537.36 (KHTML, like Gecko) Chrome/73.0.3683.86 Safari/537.36 [] {"uid":"434586f"}
[2019-06-13 16:20:32] UTN FRA LOGGER.INFO: ip =::1 [] {"uid":"434586f"}
[2019-06-13 16:20:40] UTN FRA LOGGER.INFO: Datos  =PostmanRuntime/7.1.1 [] {"uid":"87cac8e"}
[2019-06-13 16:20:40] UTN FRA LOGGER.INFO: ip =::1 [] {"uid":"87cac8e"}
[2019-10-30 00:00:33] UTN FRA LOGGER.INFO: Datos  =Mozilla/5.0 (Windows NT 6.1; Win64; x64) AppleWebKit/537.36 (KHTML, like Gecko) Chrome/76.0.3809.132 Safari/537.36 [] {"uid":"6e533db"}
[2019-10-30 00:00:33] UTN FRA LOGGER.INFO: ip =127.0.0.1 [] {"uid":"6e533db"}
[2019-10-30 00:00:39] UTN FRA LOGGER.INFO: Datos  =Mozilla/5.0 (Windows NT 6.1; Win64; x64) AppleWebKit/537.36 (KHTML, like Gecko) Chrome/76.0.3809.132 Safari/537.36 [] {"uid":"7e676c6"}
[2019-10-30 00:00:39] UTN FRA LOGGER.INFO: ip =127.0.0.1 [] {"uid":"7e676c6"}
[2019-10-30 00:00:43] UTN FRA LOGGER.INFO: Datos  =Mozilla/5.0 (Windows NT 6.1; Win64; x64) AppleWebKit/537.36 (KHTML, like Gecko) Chrome/76.0.3809.132 Safari/537.36 [] {"uid":"745db06"}
[2019-10-30 00:00:43] UTN FRA LOGGER.INFO: ip =127.0.0.1 [] {"uid":"745db06"}
[2019-10-30 00:13:50] UTN FRA LOGGER.INFO: Datos  =Mozilla/5.0 (Windows NT 6.1; Win64; x64) AppleWebKit/537.36 (KHTML, like Gecko) Chrome/76.0.3809.132 Safari/537.36 [] {"uid":"9e96d7e"}
[2019-10-30 00:13:50] UTN FRA LOGGER.INFO: ip =127.0.0.1 [] {"uid":"9e96d7e"}
[2019-10-30 00:14:00] UTN FRA LOGGER.INFO: Datos  =Mozilla/5.0 (Windows NT 6.1; Win64; x64) AppleWebKit/537.36 (KHTML, like Gecko) Chrome/76.0.3809.132 Safari/537.36 [] {"uid":"1e9a56d"}
[2019-10-30 00:14:00] UTN FRA LOGGER.INFO: ip =127.0.0.1 [] {"uid":"1e9a56d"}
[2019-10-30 00:14:51] UTN FRA LOGGER.INFO: Datos  =Mozilla/5.0 (Windows NT 6.1; Win64; x64) AppleWebKit/537.36 (KHTML, like Gecko) Chrome/76.0.3809.132 Safari/537.36 [] {"uid":"45516c8"}
[2019-10-30 00:14:51] UTN FRA LOGGER.INFO: ip =127.0.0.1 [] {"uid":"45516c8"}
[2019-10-30 00:14:54] UTN FRA LOGGER.INFO: Datos  =Mozilla/5.0 (Windows NT 6.1; Win64; x64) AppleWebKit/537.36 (KHTML, like Gecko) Chrome/76.0.3809.132 Safari/537.36 [] {"uid":"d471ed7"}
[2019-10-30 00:14:54] UTN FRA LOGGER.INFO: ip =127.0.0.1 [] {"uid":"d471ed7"}
[2019-10-30 00:15:11] UTN FRA LOGGER.INFO: Datos  =Mozilla/5.0 (Windows NT 6.1; Win64; x64) AppleWebKit/537.36 (KHTML, like Gecko) Chrome/76.0.3809.132 Safari/537.36 [] {"uid":"4589cf9"}
[2019-10-30 00:15:11] UTN FRA LOGGER.INFO: ip =127.0.0.1 [] {"uid":"4589cf9"}
[2019-10-30 00:15:13] UTN FRA LOGGER.INFO: Datos  =Mozilla/5.0 (Windows NT 6.1; Win64; x64) AppleWebKit/537.36 (KHTML, like Gecko) Chrome/76.0.3809.132 Safari/537.36 [] {"uid":"ec9d565"}
[2019-10-30 00:15:13] UTN FRA LOGGER.INFO: ip =127.0.0.1 [] {"uid":"ec9d565"}
[2019-10-30 00:16:01] UTN FRA LOGGER.INFO: Datos  =Mozilla/5.0 (Windows NT 6.1; Win64; x64) AppleWebKit/537.36 (KHTML, like Gecko) Chrome/76.0.3809.132 Safari/537.36 [] {"uid":"6b8d817"}
[2019-10-30 00:16:01] UTN FRA LOGGER.INFO: ip =127.0.0.1 [] {"uid":"6b8d817"}
[2019-10-30 00:16:06] UTN FRA LOGGER.INFO: Datos  =Mozilla/5.0 (Windows NT 6.1; Win64; x64) AppleWebKit/537.36 (KHTML, like Gecko) Chrome/76.0.3809.132 Safari/537.36 [] {"uid":"9fcc05a"}
[2019-10-30 00:16:06] UTN FRA LOGGER.INFO: ip =127.0.0.1 [] {"uid":"9fcc05a"}
[2019-10-30 00:16:10] UTN FRA LOGGER.INFO: Datos  =Mozilla/5.0 (Windows NT 6.1; Win64; x64) AppleWebKit/537.36 (KHTML, like Gecko) Chrome/76.0.3809.132 Safari/537.36 [] {"uid":"dff83a6"}
[2019-10-30 00:16:10] UTN FRA LOGGER.INFO: ip =127.0.0.1 [] {"uid":"dff83a6"}
[2019-10-30 00:16:14] UTN FRA LOGGER.INFO: Datos  =Mozilla/5.0 (Windows NT 6.1; Win64; x64) AppleWebKit/537.36 (KHTML, like Gecko) Chrome/76.0.3809.132 Safari/537.36 [] {"uid":"52cdc7a"}
[2019-10-30 00:16:14] UTN FRA LOGGER.INFO: ip =127.0.0.1 [] {"uid":"52cdc7a"}
[2019-10-30 00:16:17] UTN FRA LOGGER.INFO: Datos  =Mozilla/5.0 (Windows NT 6.1; Win64; x64) AppleWebKit/537.36 (KHTML, like Gecko) Chrome/76.0.3809.132 Safari/537.36 [] {"uid":"cfdd9e2"}
[2019-10-30 00:16:17] UTN FRA LOGGER.INFO: ip =127.0.0.1 [] {"uid":"cfdd9e2"}
[2019-10-30 00:16:31] UTN FRA LOGGER.INFO: Datos  =Mozilla/5.0 (Windows NT 6.1; Win64; x64) AppleWebKit/537.36 (KHTML, like Gecko) Chrome/76.0.3809.132 Safari/537.36 [] {"uid":"e393a2e"}
[2019-10-30 00:16:31] UTN FRA LOGGER.INFO: ip =127.0.0.1 [] {"uid":"e393a2e"}
[2019-10-30 00:17:12] UTN FRA LOGGER.INFO: Datos  =Mozilla/5.0 (Windows NT 6.1; Win64; x64) AppleWebKit/537.36 (KHTML, like Gecko) Chrome/76.0.3809.132 Safari/537.36 [] {"uid":"e73af8b"}
[2019-10-30 00:17:12] UTN FRA LOGGER.INFO: ip =127.0.0.1 [] {"uid":"e73af8b"}
[2019-10-30 00:17:18] UTN FRA LOGGER.INFO: Datos  =Mozilla/5.0 (Windows NT 6.1; Win64; x64) AppleWebKit/537.36 (KHTML, like Gecko) Chrome/76.0.3809.132 Safari/537.36 [] {"uid":"52f0e01"}
[2019-10-30 00:17:18] UTN FRA LOGGER.INFO: ip =127.0.0.1 [] {"uid":"52f0e01"}
[2019-10-30 00:17:33] UTN FRA LOGGER.INFO: Datos  =Mozilla/5.0 (Windows NT 6.1; Win64; x64) AppleWebKit/537.36 (KHTML, like Gecko) Chrome/76.0.3809.132 Safari/537.36 [] {"uid":"855fd0e"}
[2019-10-30 00:17:33] UTN FRA LOGGER.INFO: ip =127.0.0.1 [] {"uid":"855fd0e"}
[2019-10-30 00:19:43] UTN FRA LOGGER.INFO: Datos  =Mozilla/5.0 (Windows NT 6.1; Win64; x64) AppleWebKit/537.36 (KHTML, like Gecko) Chrome/76.0.3809.132 Safari/537.36 [] {"uid":"8ff2e4f"}
[2019-10-30 00:19:43] UTN FRA LOGGER.INFO: ip =127.0.0.1 [] {"uid":"8ff2e4f"}
[2019-10-30 00:20:28] UTN FRA LOGGER.INFO: Datos  =Mozilla/5.0 (Windows NT 6.1; Win64; x64) AppleWebKit/537.36 (KHTML, like Gecko) Chrome/76.0.3809.132 Safari/537.36 [] {"uid":"33c5a60"}
[2019-10-30 00:20:28] UTN FRA LOGGER.INFO: ip =127.0.0.1 [] {"uid":"33c5a60"}
[2019-10-30 00:20:29] UTN FRA LOGGER.INFO: Datos  =Mozilla/5.0 (Windows NT 6.1; Win64; x64) AppleWebKit/537.36 (KHTML, like Gecko) Chrome/76.0.3809.132 Safari/537.36 [] {"uid":"921a366"}
[2019-10-30 00:20:29] UTN FRA LOGGER.INFO: ip =127.0.0.1 [] {"uid":"921a366"}
[2019-10-30 00:21:10] UTN FRA LOGGER.INFO: Datos  =Mozilla/5.0 (Windows NT 6.1; Win64; x64) AppleWebKit/537.36 (KHTML, like Gecko) Chrome/76.0.3809.132 Safari/537.36 [] {"uid":"af8788c"}
[2019-10-30 00:21:10] UTN FRA LOGGER.INFO: ip =127.0.0.1 [] {"uid":"af8788c"}
[2019-10-30 00:22:21] UTN FRA LOGGER.INFO: Datos  =Mozilla/5.0 (Windows NT 6.1; Win64; x64) AppleWebKit/537.36 (KHTML, like Gecko) Chrome/76.0.3809.132 Safari/537.36 [] {"uid":"4d68777"}
[2019-10-30 00:22:21] UTN FRA LOGGER.INFO: ip =127.0.0.1 [] {"uid":"4d68777"}
[2019-10-30 00:25:13] UTN FRA LOGGER.INFO: Datos  =Mozilla/5.0 (Windows NT 6.1; Win64; x64) AppleWebKit/537.36 (KHTML, like Gecko) Chrome/76.0.3809.132 Safari/537.36 [] {"uid":"782ef0a"}
[2019-10-30 00:25:13] UTN FRA LOGGER.INFO: ip =127.0.0.1 [] {"uid":"782ef0a"}
[2019-10-30 00:25:35] UTN FRA LOGGER.INFO: Datos  =Mozilla/5.0 (Windows NT 6.1; Win64; x64) AppleWebKit/537.36 (KHTML, like Gecko) Chrome/76.0.3809.132 Safari/537.36 [] {"uid":"63a3d32"}
[2019-10-30 00:25:35] UTN FRA LOGGER.INFO: ip =127.0.0.1 [] {"uid":"63a3d32"}
[2019-10-30 00:30:57] UTN FRA LOGGER.INFO: Datos  =Mozilla/5.0 (Windows NT 6.1; Win64; x64) AppleWebKit/537.36 (KHTML, like Gecko) Chrome/76.0.3809.132 Safari/537.36 [] {"uid":"27e7ceb"}
[2019-10-30 00:30:57] UTN FRA LOGGER.INFO: ip =127.0.0.1 [] {"uid":"27e7ceb"}
[2019-10-30 00:37:34] UTN FRA LOGGER.INFO: Datos  =Mozilla/5.0 (Windows NT 6.1; Win64; x64) AppleWebKit/537.36 (KHTML, like Gecko) Chrome/76.0.3809.132 Safari/537.36 [] {"uid":"58b19ee"}
[2019-10-30 00:37:34] UTN FRA LOGGER.INFO: ip =127.0.0.1 [] {"uid":"58b19ee"}
[2019-10-30 00:38:05] UTN FRA LOGGER.INFO: Datos  =Mozilla/5.0 (Windows NT 6.1; Win64; x64) AppleWebKit/537.36 (KHTML, like Gecko) Chrome/76.0.3809.132 Safari/537.36 [] {"uid":"3e630d9"}
[2019-10-30 00:38:05] UTN FRA LOGGER.INFO: ip =127.0.0.1 [] {"uid":"3e630d9"}
[2019-10-30 00:38:28] UTN FRA LOGGER.INFO: Datos  =Mozilla/5.0 (Windows NT 6.1; Win64; x64) AppleWebKit/537.36 (KHTML, like Gecko) Chrome/76.0.3809.132 Safari/537.36 [] {"uid":"52b95a9"}
[2019-10-30 00:38:28] UTN FRA LOGGER.INFO: ip =127.0.0.1 [] {"uid":"52b95a9"}
[2019-10-30 00:38:59] UTN FRA LOGGER.INFO: Datos  =Mozilla/5.0 (Windows NT 6.1; Win64; x64) AppleWebKit/537.36 (KHTML, like Gecko) Chrome/76.0.3809.132 Safari/537.36 [] {"uid":"e30fa08"}
[2019-10-30 00:38:59] UTN FRA LOGGER.INFO: ip =127.0.0.1 [] {"uid":"e30fa08"}
[2019-10-30 00:39:08] UTN FRA LOGGER.INFO: Datos  =Mozilla/5.0 (Windows NT 6.1; Win64; x64) AppleWebKit/537.36 (KHTML, like Gecko) Chrome/76.0.3809.132 Safari/537.36 [] {"uid":"c7e072c"}
[2019-10-30 00:39:08] UTN FRA LOGGER.INFO: ip =127.0.0.1 [] {"uid":"c7e072c"}
[2019-10-30 00:39:23] UTN FRA LOGGER.INFO: Datos  =Mozilla/5.0 (Windows NT 6.1; Win64; x64) AppleWebKit/537.36 (KHTML, like Gecko) Chrome/76.0.3809.132 Safari/537.36 [] {"uid":"f7ec559"}
[2019-10-30 00:39:23] UTN FRA LOGGER.INFO: ip =127.0.0.1 [] {"uid":"f7ec559"}
[2019-10-30 00:39:34] UTN FRA LOGGER.INFO: Datos  =Mozilla/5.0 (Windows NT 6.1; Win64; x64) AppleWebKit/537.36 (KHTML, like Gecko) Chrome/76.0.3809.132 Safari/537.36 [] {"uid":"cb883a5"}
[2019-10-30 00:39:34] UTN FRA LOGGER.INFO: ip =127.0.0.1 [] {"uid":"cb883a5"}
[2019-10-30 01:39:08] UTN FRA LOGGER.INFO: Datos  =Mozilla/5.0 (Windows NT 6.1; Win64; x64) AppleWebKit/537.36 (KHTML, like Gecko) Chrome/76.0.3809.132 Safari/537.36 [] {"uid":"02ad037"}
[2019-10-30 01:39:08] UTN FRA LOGGER.INFO: ip =127.0.0.1 [] {"uid":"02ad037"}
[2019-10-30 01:39:15] UTN FRA LOGGER.INFO: Datos  =Mozilla/5.0 (Windows NT 6.1; Win64; x64) AppleWebKit/537.36 (KHTML, like Gecko) Chrome/76.0.3809.132 Safari/537.36 [] {"uid":"c68348b"}
[2019-10-30 01:39:15] UTN FRA LOGGER.INFO: ip =127.0.0.1 [] {"uid":"c68348b"}
[2019-10-30 01:39:45] UTN FRA LOGGER.INFO: Datos  =Mozilla/5.0 (Windows NT 6.1; Win64; x64) AppleWebKit/537.36 (KHTML, like Gecko) Chrome/76.0.3809.132 Safari/537.36 [] {"uid":"8cd1502"}
[2019-10-30 01:39:45] UTN FRA LOGGER.INFO: ip =127.0.0.1 [] {"uid":"8cd1502"}
[2019-10-30 01:45:09] UTN FRA LOGGER.INFO: Datos  =Mozilla/5.0 (Windows NT 6.1; Win64; x64) AppleWebKit/537.36 (KHTML, like Gecko) Chrome/76.0.3809.132 Safari/537.36 [] {"uid":"c0c0228"}
[2019-10-30 01:45:09] UTN FRA LOGGER.INFO: ip =127.0.0.1 [] {"uid":"c0c0228"}
[2019-10-30 01:46:40] UTN FRA LOGGER.INFO: Datos  =Mozilla/5.0 (Windows NT 6.1; Win64; x64) AppleWebKit/537.36 (KHTML, like Gecko) Chrome/76.0.3809.132 Safari/537.36 [] {"uid":"549b464"}
[2019-10-30 01:46:40] UTN FRA LOGGER.INFO: ip =127.0.0.1 [] {"uid":"549b464"}
[2019-10-30 01:47:30] UTN FRA LOGGER.INFO: Datos  =Mozilla/5.0 (Windows NT 6.1; Win64; x64) AppleWebKit/537.36 (KHTML, like Gecko) Chrome/76.0.3809.132 Safari/537.36 [] {"uid":"a1e5422"}
[2019-10-30 01:47:30] UTN FRA LOGGER.INFO: ip =127.0.0.1 [] {"uid":"a1e5422"}
[2019-10-30 01:47:31] UTN FRA LOGGER.INFO: Datos  =Mozilla/5.0 (Windows NT 6.1; Win64; x64) AppleWebKit/537.36 (KHTML, like Gecko) Chrome/76.0.3809.132 Safari/537.36 [] {"uid":"f8ef637"}
[2019-10-30 01:47:31] UTN FRA LOGGER.INFO: ip =127.0.0.1 [] {"uid":"f8ef637"}
[2019-10-30 01:47:53] UTN FRA LOGGER.INFO: Datos  =Mozilla/5.0 (Windows NT 6.1; Win64; x64) AppleWebKit/537.36 (KHTML, like Gecko) Chrome/76.0.3809.132 Safari/537.36 [] {"uid":"aad3567"}
[2019-10-30 01:47:53] UTN FRA LOGGER.INFO: ip =127.0.0.1 [] {"uid":"aad3567"}
[2019-10-30 01:48:51] UTN FRA LOGGER.INFO: Datos  =Mozilla/5.0 (Windows NT 6.1; Win64; x64) AppleWebKit/537.36 (KHTML, like Gecko) Chrome/76.0.3809.132 Safari/537.36 [] {"uid":"1e65122"}
[2019-10-30 01:48:51] UTN FRA LOGGER.INFO: ip =127.0.0.1 [] {"uid":"1e65122"}
[2019-10-30 01:50:54] UTN FRA LOGGER.INFO: Datos  =Mozilla/5.0 (Windows NT 6.1; Win64; x64) AppleWebKit/537.36 (KHTML, like Gecko) Chrome/76.0.3809.132 Safari/537.36 [] {"uid":"c7e011e"}
[2019-10-30 01:50:54] UTN FRA LOGGER.INFO: ip =127.0.0.1 [] {"uid":"c7e011e"}
[2019-10-30 01:55:13] UTN FRA LOGGER.INFO: Datos  =Mozilla/5.0 (Windows NT 6.1; Win64; x64) AppleWebKit/537.36 (KHTML, like Gecko) Chrome/76.0.3809.132 Safari/537.36 [] {"uid":"1c224f1"}
[2019-10-30 01:55:13] UTN FRA LOGGER.INFO: ip =127.0.0.1 [] {"uid":"1c224f1"}
[2019-10-30 01:56:20] UTN FRA LOGGER.INFO: Datos  =Mozilla/5.0 (Windows NT 6.1; Win64; x64) AppleWebKit/537.36 (KHTML, like Gecko) Chrome/76.0.3809.132 Safari/537.36 [] {"uid":"371dc6d"}
[2019-10-30 01:56:20] UTN FRA LOGGER.INFO: ip =127.0.0.1 [] {"uid":"371dc6d"}
[2019-10-30 01:57:13] UTN FRA LOGGER.INFO: Datos  =Mozilla/5.0 (Windows NT 6.1; Win64; x64) AppleWebKit/537.36 (KHTML, like Gecko) Chrome/76.0.3809.132 Safari/537.36 [] {"uid":"a1fa064"}
[2019-10-30 01:57:13] UTN FRA LOGGER.INFO: ip =127.0.0.1 [] {"uid":"a1fa064"}
[2019-10-30 01:57:55] UTN FRA LOGGER.INFO: Datos  =Mozilla/5.0 (Windows NT 6.1; Win64; x64) AppleWebKit/537.36 (KHTML, like Gecko) Chrome/76.0.3809.132 Safari/537.36 [] {"uid":"085de8c"}
[2019-10-30 01:57:55] UTN FRA LOGGER.INFO: ip =127.0.0.1 [] {"uid":"085de8c"}
[2019-10-30 02:00:07] UTN FRA LOGGER.INFO: Datos  =Mozilla/5.0 (Windows NT 6.1; Win64; x64) AppleWebKit/537.36 (KHTML, like Gecko) Chrome/76.0.3809.132 Safari/537.36 [] {"uid":"08e3757"}
[2019-10-30 02:00:07] UTN FRA LOGGER.INFO: ip =127.0.0.1 [] {"uid":"08e3757"}
[2019-10-30 02:00:42] UTN FRA LOGGER.INFO: Datos  =Mozilla/5.0 (Windows NT 6.1; Win64; x64) AppleWebKit/537.36 (KHTML, like Gecko) Chrome/76.0.3809.132 Safari/537.36 [] {"uid":"3d35105"}
[2019-10-30 02:00:42] UTN FRA LOGGER.INFO: ip =127.0.0.1 [] {"uid":"3d35105"}
[2019-10-30 02:02:08] UTN FRA LOGGER.INFO: Datos  =Mozilla/5.0 (Windows NT 6.1; Win64; x64) AppleWebKit/537.36 (KHTML, like Gecko) Chrome/76.0.3809.132 Safari/537.36 [] {"uid":"b5a0c40"}
[2019-10-30 02:02:08] UTN FRA LOGGER.INFO: ip =127.0.0.1 [] {"uid":"b5a0c40"}
[2019-11-09 20:50:33] UTN FRA LOGGER.INFO: Datos  =PostmanRuntime/7.19.0 [] {"uid":"f7f6160"}
[2019-11-09 20:50:33] UTN FRA LOGGER.INFO: ip = [] {"uid":"f7f6160"}
[2019-11-09 20:52:25] UTN FRA LOGGER.INFO: Datos  =PostmanRuntime/7.19.0 [] {"uid":"02086bd"}
[2019-11-09 20:52:25] UTN FRA LOGGER.INFO: ip = [] {"uid":"02086bd"}
[2019-11-09 20:55:33] UTN FRA LOGGER.INFO: Datos  =PostmanRuntime/7.19.0 [] {"uid":"ca11be3"}
[2019-11-09 20:55:33] UTN FRA LOGGER.INFO: ip = [] {"uid":"ca11be3"}
[2019-11-09 20:57:22] UTN FRA LOGGER.INFO: Datos  =PostmanRuntime/7.19.0 [] {"uid":"2b83a72"}
[2019-11-09 20:57:22] UTN FRA LOGGER.INFO: ip = [] {"uid":"2b83a72"}
[2019-11-09 20:58:00] UTN FRA LOGGER.INFO: Datos  =PostmanRuntime/7.19.0 [] {"uid":"38cacda"}
[2019-11-09 20:58:00] UTN FRA LOGGER.INFO: ip = [] {"uid":"38cacda"}
[2019-11-09 20:58:28] UTN FRA LOGGER.INFO: Datos  =PostmanRuntime/7.19.0 [] {"uid":"7d3ff7c"}
[2019-11-09 20:58:28] UTN FRA LOGGER.INFO: ip = [] {"uid":"7d3ff7c"}
[2019-11-09 20:59:25] UTN FRA LOGGER.INFO: Datos  =PostmanRuntime/7.19.0 [] {"uid":"951cded"}
[2019-11-09 20:59:25] UTN FRA LOGGER.INFO: ip = [] {"uid":"951cded"}
[2019-11-09 21:00:19] UTN FRA LOGGER.INFO: Datos  =PostmanRuntime/7.19.0 [] {"uid":"43f14da"}
[2019-11-09 21:00:19] UTN FRA LOGGER.INFO: ip = [] {"uid":"43f14da"}
[2019-11-09 21:02:43] UTN FRA LOGGER.INFO: Datos  =PostmanRuntime/7.19.0 [] {"uid":"90c67be"}
[2019-11-09 21:02:43] UTN FRA LOGGER.INFO: ip = [] {"uid":"90c67be"}
[2019-11-09 21:04:19] UTN FRA LOGGER.INFO: Datos  =PostmanRuntime/7.19.0 [] {"uid":"3391f52"}
[2019-11-09 21:04:19] UTN FRA LOGGER.INFO: ip = [] {"uid":"3391f52"}
[2019-11-09 21:05:20] UTN FRA LOGGER.INFO: Datos  =PostmanRuntime/7.19.0 [] {"uid":"e85300d"}
[2019-11-09 21:05:20] UTN FRA LOGGER.INFO: ip = [] {"uid":"e85300d"}
[2019-11-09 21:05:25] UTN FRA LOGGER.INFO: Datos  =PostmanRuntime/7.19.0 [] {"uid":"49aa0d3"}
[2019-11-09 21:05:25] UTN FRA LOGGER.INFO: ip = [] {"uid":"49aa0d3"}
[2019-11-09 21:06:34] UTN FRA LOGGER.INFO: Datos  =PostmanRuntime/7.19.0 [] {"uid":"39ee494"}
[2019-11-09 21:06:34] UTN FRA LOGGER.INFO: ip = [] {"uid":"39ee494"}
[2019-11-09 21:06:53] UTN FRA LOGGER.INFO: Datos  =PostmanRuntime/7.19.0 [] {"uid":"29316a5"}
[2019-11-09 21:06:53] UTN FRA LOGGER.INFO: ip = [] {"uid":"29316a5"}
[2019-11-09 21:07:00] UTN FRA LOGGER.INFO: Datos  =PostmanRuntime/7.19.0 [] {"uid":"e839469"}
[2019-11-09 21:07:00] UTN FRA LOGGER.INFO: ip = [] {"uid":"e839469"}
[2019-11-09 21:07:52] UTN FRA LOGGER.INFO: Datos  =PostmanRuntime/7.19.0 [] {"uid":"bcb13c9"}
[2019-11-09 21:07:52] UTN FRA LOGGER.INFO: ip = [] {"uid":"bcb13c9"}
[2019-11-09 21:07:56] UTN FRA LOGGER.INFO: Datos  =PostmanRuntime/7.19.0 [] {"uid":"367bd49"}
[2019-11-09 21:07:56] UTN FRA LOGGER.INFO: ip = [] {"uid":"367bd49"}
[2019-11-09 21:10:17] UTN FRA LOGGER.INFO: Datos  =PostmanRuntime/7.19.0 [] {"uid":"b3c365e"}
[2019-11-09 21:10:17] UTN FRA LOGGER.INFO: ip = [] {"uid":"b3c365e"}
[2019-11-09 21:10:22] UTN FRA LOGGER.INFO: Datos  =PostmanRuntime/7.19.0 [] {"uid":"9c64dee"}
[2019-11-09 21:10:22] UTN FRA LOGGER.INFO: ip = [] {"uid":"9c64dee"}
[2019-11-09 21:10:25] UTN FRA LOGGER.INFO: Datos  =PostmanRuntime/7.19.0 [] {"uid":"2023b83"}
[2019-11-09 21:10:25] UTN FRA LOGGER.INFO: ip = [] {"uid":"2023b83"}
[2019-11-09 21:10:28] UTN FRA LOGGER.INFO: Datos  =PostmanRuntime/7.19.0 [] {"uid":"23b0ded"}
[2019-11-09 21:10:28] UTN FRA LOGGER.INFO: ip = [] {"uid":"23b0ded"}
[2019-11-09 21:10:56] UTN FRA LOGGER.INFO: Datos  =PostmanRuntime/7.19.0 [] {"uid":"5abd669"}
[2019-11-09 21:10:56] UTN FRA LOGGER.INFO: ip = [] {"uid":"5abd669"}
[2019-11-09 21:11:01] UTN FRA LOGGER.INFO: Datos  =PostmanRuntime/7.19.0 [] {"uid":"6531a55"}
[2019-11-09 21:11:01] UTN FRA LOGGER.INFO: ip = [] {"uid":"6531a55"}
[2019-11-09 21:11:22] UTN FRA LOGGER.INFO: Datos  =PostmanRuntime/7.19.0 [] {"uid":"ebb0105"}
[2019-11-09 21:11:22] UTN FRA LOGGER.INFO: ip = [] {"uid":"ebb0105"}
[2019-11-09 21:11:33] UTN FRA LOGGER.INFO: Datos  =PostmanRuntime/7.19.0 [] {"uid":"557a952"}
[2019-11-09 21:11:33] UTN FRA LOGGER.INFO: ip = [] {"uid":"557a952"}
[2019-11-09 21:13:16] UTN FRA LOGGER.INFO: Datos  =PostmanRuntime/7.19.0 [] {"uid":"389f269"}
[2019-11-09 21:13:16] UTN FRA LOGGER.INFO: ip = [] {"uid":"389f269"}
[2019-11-09 21:17:27] UTN FRA LOGGER.INFO: Datos  =PostmanRuntime/7.19.0 [] {"uid":"2a4c04a"}
[2019-11-09 21:17:27] UTN FRA LOGGER.INFO: ip = [] {"uid":"2a4c04a"}
[2019-11-09 21:17:42] UTN FRA LOGGER.INFO: Datos  =PostmanRuntime/7.19.0 [] {"uid":"8851431"}
[2019-11-09 21:17:42] UTN FRA LOGGER.INFO: ip = [] {"uid":"8851431"}
[2019-11-09 21:17:50] UTN FRA LOGGER.INFO: Datos  =PostmanRuntime/7.19.0 [] {"uid":"f9be396"}
[2019-11-09 21:17:50] UTN FRA LOGGER.INFO: ip = [] {"uid":"f9be396"}
[2019-11-09 21:27:58] UTN FRA LOGGER.INFO: Datos  =PostmanRuntime/7.19.0 [] {"uid":"4707a4c"}
[2019-11-09 21:27:58] UTN FRA LOGGER.INFO: ip = [] {"uid":"4707a4c"}
[2019-11-09 21:28:24] UTN FRA LOGGER.INFO: Datos  =PostmanRuntime/7.19.0 [] {"uid":"810989b"}
[2019-11-09 21:28:24] UTN FRA LOGGER.INFO: ip = [] {"uid":"810989b"}
[2019-11-09 21:28:29] UTN FRA LOGGER.INFO: Datos  =PostmanRuntime/7.19.0 [] {"uid":"80dafea"}
[2019-11-09 21:28:29] UTN FRA LOGGER.INFO: ip = [] {"uid":"80dafea"}
[2019-11-09 21:30:19] UTN FRA LOGGER.INFO: Datos  =PostmanRuntime/7.19.0 [] {"uid":"29bb6e0"}
[2019-11-09 21:30:19] UTN FRA LOGGER.INFO: ip = [] {"uid":"29bb6e0"}
[2019-11-09 21:30:33] UTN FRA LOGGER.INFO: Datos  =PostmanRuntime/7.19.0 [] {"uid":"d4b2483"}
[2019-11-09 21:30:33] UTN FRA LOGGER.INFO: ip = [] {"uid":"d4b2483"}
[2019-11-09 21:31:32] UTN FRA LOGGER.INFO: Datos  =PostmanRuntime/7.19.0 [] {"uid":"1481fc3"}
[2019-11-09 21:31:32] UTN FRA LOGGER.INFO: ip = [] {"uid":"1481fc3"}
[2019-11-09 21:32:16] UTN FRA LOGGER.INFO: Datos  =PostmanRuntime/7.19.0 [] {"uid":"f5693c1"}
[2019-11-09 21:32:16] UTN FRA LOGGER.INFO: ip = [] {"uid":"f5693c1"}
[2019-11-09 21:32:22] UTN FRA LOGGER.INFO: Datos  =PostmanRuntime/7.19.0 [] {"uid":"d16548d"}
[2019-11-09 21:32:22] UTN FRA LOGGER.INFO: ip = [] {"uid":"d16548d"}
[2019-11-09 21:34:18] UTN FRA LOGGER.INFO: Datos  =PostmanRuntime/7.19.0 [] {"uid":"24ec126"}
[2019-11-09 21:34:18] UTN FRA LOGGER.INFO: ip = [] {"uid":"24ec126"}
[2019-11-12 23:09:13] UTN FRA LOGGER.INFO: Datos  =Mozilla/5.0 (Windows NT 6.1; Win64; x64) AppleWebKit/537.36 (KHTML, like Gecko) Chrome/76.0.3809.132 Safari/537.36 [] {"uid":"c987988"}
[2019-11-12 23:09:13] UTN FRA LOGGER.INFO: ip = [] {"uid":"c987988"}
[2019-11-12 23:09:48] UTN FRA LOGGER.INFO: Datos  =Mozilla/5.0 (Windows NT 6.1; Win64; x64) AppleWebKit/537.36 (KHTML, like Gecko) Chrome/76.0.3809.132 Safari/537.36 [] {"uid":"cf55800"}
[2019-11-12 23:09:48] UTN FRA LOGGER.INFO: ip = [] {"uid":"cf55800"}
[2019-11-12 23:10:46] UTN FRA LOGGER.INFO: Datos  =Mozilla/5.0 (Windows NT 6.1; Win64; x64) AppleWebKit/537.36 (KHTML, like Gecko) Chrome/76.0.3809.132 Safari/537.36 [] {"uid":"4a4fba9"}
[2019-11-12 23:10:46] UTN FRA LOGGER.INFO: ip = [] {"uid":"4a4fba9"}
[2019-11-12 23:11:40] UTN FRA LOGGER.INFO: Datos  =Mozilla/5.0 (Windows NT 6.1; Win64; x64) AppleWebKit/537.36 (KHTML, like Gecko) Chrome/76.0.3809.132 Safari/537.36 [] {"uid":"e799383"}
[2019-11-12 23:11:40] UTN FRA LOGGER.INFO: ip = [] {"uid":"e799383"}
[2019-11-12 23:12:15] UTN FRA LOGGER.INFO: Datos  =Mozilla/5.0 (Windows NT 6.1; Win64; x64) AppleWebKit/537.36 (KHTML, like Gecko) Chrome/76.0.3809.132 Safari/537.36 [] {"uid":"de17647"}
[2019-11-12 23:12:15] UTN FRA LOGGER.INFO: ip = [] {"uid":"de17647"}
[2019-11-12 23:13:07] UTN FRA LOGGER.INFO: Datos  =Mozilla/5.0 (Windows NT 6.1; Win64; x64) AppleWebKit/537.36 (KHTML, like Gecko) Chrome/76.0.3809.132 Safari/537.36 [] {"uid":"b14c34f"}
[2019-11-12 23:13:07] UTN FRA LOGGER.INFO: ip = [] {"uid":"b14c34f"}
[2019-11-12 23:13:31] UTN FRA LOGGER.INFO: Datos  =Mozilla/5.0 (Windows NT 6.1; Win64; x64) AppleWebKit/537.36 (KHTML, like Gecko) Chrome/76.0.3809.132 Safari/537.36 [] {"uid":"9a59c47"}
[2019-11-12 23:13:31] UTN FRA LOGGER.INFO: ip = [] {"uid":"9a59c47"}
[2019-11-12 23:14:02] UTN FRA LOGGER.INFO: Datos  =Mozilla/5.0 (Windows NT 6.1; Win64; x64) AppleWebKit/537.36 (KHTML, like Gecko) Chrome/76.0.3809.132 Safari/537.36 [] {"uid":"b537522"}
[2019-11-12 23:14:02] UTN FRA LOGGER.INFO: ip = [] {"uid":"b537522"}
[2019-11-12 23:14:34] UTN FRA LOGGER.INFO: Datos  =Mozilla/5.0 (Windows NT 6.1; Win64; x64) AppleWebKit/537.36 (KHTML, like Gecko) Chrome/76.0.3809.132 Safari/537.36 [] {"uid":"cb885fd"}
[2019-11-12 23:14:34] UTN FRA LOGGER.INFO: ip = [] {"uid":"cb885fd"}
[2019-11-12 23:14:46] UTN FRA LOGGER.INFO: Datos  =Mozilla/5.0 (Windows NT 6.1; Win64; x64) AppleWebKit/537.36 (KHTML, like Gecko) Chrome/76.0.3809.132 Safari/537.36 [] {"uid":"1c7268b"}
[2019-11-12 23:14:46] UTN FRA LOGGER.INFO: ip = [] {"uid":"1c7268b"}
[2019-11-12 23:28:24] UTN FRA LOGGER.INFO: Datos  =Mozilla/5.0 (Windows NT 6.1; Win64; x64) AppleWebKit/537.36 (KHTML, like Gecko) Chrome/76.0.3809.132 Safari/537.36 [] {"uid":"cc99886"}
[2019-11-12 23:28:24] UTN FRA LOGGER.INFO: ip = [] {"uid":"cc99886"}
[2019-11-12 23:30:26] UTN FRA LOGGER.INFO: Datos  =Mozilla/5.0 (Windows NT 6.1; Win64; x64) AppleWebKit/537.36 (KHTML, like Gecko) Chrome/76.0.3809.132 Safari/537.36 [] {"uid":"b187ae4"}
[2019-11-12 23:30:26] UTN FRA LOGGER.INFO: ip = [] {"uid":"b187ae4"}
[2019-11-12 23:33:06] UTN FRA LOGGER.INFO: Datos  =Mozilla/5.0 (Windows NT 6.1; Win64; x64) AppleWebKit/537.36 (KHTML, like Gecko) Chrome/76.0.3809.132 Safari/537.36 [] {"uid":"f0b41a4"}
[2019-11-12 23:33:06] UTN FRA LOGGER.INFO: ip = [] {"uid":"f0b41a4"}
[2019-11-12 23:33:23] UTN FRA LOGGER.INFO: Datos  =Mozilla/5.0 (Windows NT 6.1; Win64; x64) AppleWebKit/537.36 (KHTML, like Gecko) Chrome/76.0.3809.132 Safari/537.36 [] {"uid":"9939261"}
[2019-11-12 23:33:23] UTN FRA LOGGER.INFO: ip = [] {"uid":"9939261"}
[2019-11-12 23:34:32] UTN FRA LOGGER.INFO: Datos  =Mozilla/5.0 (Windows NT 6.1; Win64; x64) AppleWebKit/537.36 (KHTML, like Gecko) Chrome/76.0.3809.132 Safari/537.36 [] {"uid":"33511c7"}
[2019-11-12 23:34:32] UTN FRA LOGGER.INFO: ip = [] {"uid":"33511c7"}
[2019-11-12 23:35:22] UTN FRA LOGGER.INFO: Datos  =Mozilla/5.0 (Windows NT 6.1; Win64; x64) AppleWebKit/537.36 (KHTML, like Gecko) Chrome/76.0.3809.132 Safari/537.36 [] {"uid":"42de764"}
[2019-11-12 23:35:22] UTN FRA LOGGER.INFO: ip = [] {"uid":"42de764"}
[2019-11-12 23:35:46] UTN FRA LOGGER.INFO: Datos  =Mozilla/5.0 (Windows NT 6.1; Win64; x64) AppleWebKit/537.36 (KHTML, like Gecko) Chrome/76.0.3809.132 Safari/537.36 [] {"uid":"7265f55"}
[2019-11-12 23:35:46] UTN FRA LOGGER.INFO: ip = [] {"uid":"7265f55"}
[2019-11-12 23:36:23] UTN FRA LOGGER.INFO: Datos  =Mozilla/5.0 (Windows NT 6.1; Win64; x64) AppleWebKit/537.36 (KHTML, like Gecko) Chrome/76.0.3809.132 Safari/537.36 [] {"uid":"1031ef2"}
[2019-11-12 23:36:23] UTN FRA LOGGER.INFO: ip = [] {"uid":"1031ef2"}
[2019-11-12 23:36:34] UTN FRA LOGGER.INFO: Datos  =Mozilla/5.0 (Windows NT 6.1; Win64; x64) AppleWebKit/537.36 (KHTML, like Gecko) Chrome/76.0.3809.132 Safari/537.36 [] {"uid":"98b6c0f"}
[2019-11-12 23:36:34] UTN FRA LOGGER.INFO: ip = [] {"uid":"98b6c0f"}
[2019-11-12 23:37:56] UTN FRA LOGGER.INFO: Datos  =Mozilla/5.0 (Windows NT 6.1; Win64; x64) AppleWebKit/537.36 (KHTML, like Gecko) Chrome/76.0.3809.132 Safari/537.36 [] {"uid":"04e0335"}
[2019-11-12 23:37:56] UTN FRA LOGGER.INFO: ip = [] {"uid":"04e0335"}
[2019-11-12 23:38:22] UTN FRA LOGGER.INFO: Datos  =Mozilla/5.0 (Windows NT 6.1; Win64; x64) AppleWebKit/537.36 (KHTML, like Gecko) Chrome/76.0.3809.132 Safari/537.36 [] {"uid":"bf017a7"}
[2019-11-12 23:38:22] UTN FRA LOGGER.INFO: ip = [] {"uid":"bf017a7"}
[2019-11-12 23:38:24] UTN FRA LOGGER.INFO: Datos  =Mozilla/5.0 (Windows NT 6.1; Win64; x64) AppleWebKit/537.36 (KHTML, like Gecko) Chrome/76.0.3809.132 Safari/537.36 [] {"uid":"031ed2f"}
[2019-11-12 23:38:24] UTN FRA LOGGER.INFO: ip = [] {"uid":"031ed2f"}
[2019-11-12 23:38:34] UTN FRA LOGGER.INFO: Datos  =Mozilla/5.0 (Windows NT 6.1; Win64; x64) AppleWebKit/537.36 (KHTML, like Gecko) Chrome/76.0.3809.132 Safari/537.36 [] {"uid":"8d27847"}
[2019-11-12 23:38:34] UTN FRA LOGGER.INFO: ip = [] {"uid":"8d27847"}
[2019-11-12 23:55:58] UTN FRA LOGGER.INFO: Datos  =Mozilla/5.0 (Windows NT 6.1; Win64; x64) AppleWebKit/537.36 (KHTML, like Gecko) Chrome/76.0.3809.132 Safari/537.36 [] {"uid":"14f9b73"}
[2019-11-12 23:55:58] UTN FRA LOGGER.INFO: ip = [] {"uid":"14f9b73"}
[2019-11-13 00:02:59] UTN FRA LOGGER.INFO: Datos  =Mozilla/5.0 (Windows NT 6.1; Win64; x64) AppleWebKit/537.36 (KHTML, like Gecko) Chrome/76.0.3809.132 Safari/537.36 [] {"uid":"d6c3a54"}
[2019-11-13 00:02:59] UTN FRA LOGGER.INFO: ip = [] {"uid":"d6c3a54"}
[2019-11-13 00:04:19] UTN FRA LOGGER.INFO: Datos  =Mozilla/5.0 (Windows NT 6.1; Win64; x64) AppleWebKit/537.36 (KHTML, like Gecko) Chrome/76.0.3809.132 Safari/537.36 [] {"uid":"e9fa4fb"}
[2019-11-13 00:04:19] UTN FRA LOGGER.INFO: ip = [] {"uid":"e9fa4fb"}
[2019-11-13 00:04:28] UTN FRA LOGGER.INFO: Datos  =Mozilla/5.0 (Windows NT 6.1; Win64; x64) AppleWebKit/537.36 (KHTML, like Gecko) Chrome/76.0.3809.132 Safari/537.36 [] {"uid":"65ca3c4"}
[2019-11-13 00:04:28] UTN FRA LOGGER.INFO: ip = [] {"uid":"65ca3c4"}
[2019-11-13 00:04:45] UTN FRA LOGGER.INFO: Datos  =Mozilla/5.0 (Windows NT 6.1; Win64; x64) AppleWebKit/537.36 (KHTML, like Gecko) Chrome/76.0.3809.132 Safari/537.36 [] {"uid":"5391ce0"}
[2019-11-13 00:04:45] UTN FRA LOGGER.INFO: ip = [] {"uid":"5391ce0"}
[2019-11-13 00:04:54] UTN FRA LOGGER.INFO: Datos  =Mozilla/5.0 (Windows NT 6.1; Win64; x64) AppleWebKit/537.36 (KHTML, like Gecko) Chrome/76.0.3809.132 Safari/537.36 [] {"uid":"da09fd6"}
[2019-11-13 00:04:54] UTN FRA LOGGER.INFO: ip = [] {"uid":"da09fd6"}
[2019-11-13 00:14:51] UTN FRA LOGGER.INFO: Datos  =Mozilla/5.0 (Windows NT 6.1; Win64; x64) AppleWebKit/537.36 (KHTML, like Gecko) Chrome/76.0.3809.132 Safari/537.36 [] {"uid":"9291470"}
[2019-11-13 00:14:51] UTN FRA LOGGER.INFO: ip = [] {"uid":"9291470"}
[2019-11-13 00:14:56] UTN FRA LOGGER.INFO: Datos  =Mozilla/5.0 (Windows NT 6.1; Win64; x64) AppleWebKit/537.36 (KHTML, like Gecko) Chrome/76.0.3809.132 Safari/537.36 [] {"uid":"7a1d361"}
[2019-11-13 00:14:56] UTN FRA LOGGER.INFO: ip = [] {"uid":"7a1d361"}
[2019-11-13 00:19:14] UTN FRA LOGGER.INFO: Datos  =Mozilla/5.0 (Windows NT 6.1; Win64; x64) AppleWebKit/537.36 (KHTML, like Gecko) Chrome/76.0.3809.132 Safari/537.36 [] {"uid":"90c5cfc"}
[2019-11-13 00:19:14] UTN FRA LOGGER.INFO: ip = [] {"uid":"90c5cfc"}
[2019-11-13 00:20:06] UTN FRA LOGGER.INFO: Datos  =Mozilla/5.0 (Windows NT 6.1; Win64; x64) AppleWebKit/537.36 (KHTML, like Gecko) Chrome/76.0.3809.132 Safari/537.36 [] {"uid":"d5a1a48"}
[2019-11-13 00:20:06] UTN FRA LOGGER.INFO: ip = [] {"uid":"d5a1a48"}
[2019-11-13 00:20:52] UTN FRA LOGGER.INFO: Datos  =Mozilla/5.0 (Windows NT 6.1; Win64; x64) AppleWebKit/537.36 (KHTML, like Gecko) Chrome/76.0.3809.132 Safari/537.36 [] {"uid":"1d21173"}
[2019-11-13 00:20:52] UTN FRA LOGGER.INFO: ip = [] {"uid":"1d21173"}
[2019-11-13 00:23:13] UTN FRA LOGGER.INFO: Datos  =Mozilla/5.0 (Windows NT 6.1; Win64; x64) AppleWebKit/537.36 (KHTML, like Gecko) Chrome/76.0.3809.132 Safari/537.36 [] {"uid":"0ac6601"}
[2019-11-13 00:23:13] UTN FRA LOGGER.INFO: ip = [] {"uid":"0ac6601"}
[2019-11-13 00:24:04] UTN FRA LOGGER.INFO: Datos  =Mozilla/5.0 (Windows NT 6.1; Win64; x64) AppleWebKit/537.36 (KHTML, like Gecko) Chrome/76.0.3809.132 Safari/537.36 [] {"uid":"b1829ed"}
[2019-11-13 00:24:04] UTN FRA LOGGER.INFO: ip = [] {"uid":"b1829ed"}
[2019-11-13 00:24:17] UTN FRA LOGGER.INFO: Datos  =Mozilla/5.0 (Windows NT 6.1; Win64; x64) AppleWebKit/537.36 (KHTML, like Gecko) Chrome/76.0.3809.132 Safari/537.36 [] {"uid":"c46ff2e"}
[2019-11-13 00:24:17] UTN FRA LOGGER.INFO: ip = [] {"uid":"c46ff2e"}
[2019-11-13 00:24:34] UTN FRA LOGGER.INFO: Datos  =Mozilla/5.0 (Windows NT 6.1; Win64; x64) AppleWebKit/537.36 (KHTML, like Gecko) Chrome/76.0.3809.132 Safari/537.36 [] {"uid":"5d49e06"}
[2019-11-13 00:24:34] UTN FRA LOGGER.INFO: ip = [] {"uid":"5d49e06"}
[2019-11-13 00:25:12] UTN FRA LOGGER.INFO: Datos  =Mozilla/5.0 (Windows NT 6.1; Win64; x64) AppleWebKit/537.36 (KHTML, like Gecko) Chrome/76.0.3809.132 Safari/537.36 [] {"uid":"201c896"}
[2019-11-13 00:25:12] UTN FRA LOGGER.INFO: ip = [] {"uid":"201c896"}
[2019-11-13 00:25:34] UTN FRA LOGGER.INFO: Datos  =Mozilla/5.0 (Windows NT 6.1; Win64; x64) AppleWebKit/537.36 (KHTML, like Gecko) Chrome/76.0.3809.132 Safari/537.36 [] {"uid":"cad4331"}
[2019-11-13 00:25:34] UTN FRA LOGGER.INFO: ip = [] {"uid":"cad4331"}
[2019-11-13 00:25:58] UTN FRA LOGGER.INFO: Datos  =Mozilla/5.0 (Windows NT 6.1; Win64; x64) AppleWebKit/537.36 (KHTML, like Gecko) Chrome/76.0.3809.132 Safari/537.36 [] {"uid":"5368865"}
[2019-11-13 00:25:58] UTN FRA LOGGER.INFO: ip = [] {"uid":"5368865"}
[2019-11-13 00:26:13] UTN FRA LOGGER.INFO: Datos  =Mozilla/5.0 (Windows NT 6.1; Win64; x64) AppleWebKit/537.36 (KHTML, like Gecko) Chrome/76.0.3809.132 Safari/537.36 [] {"uid":"98486a0"}
[2019-11-13 00:26:13] UTN FRA LOGGER.INFO: ip = [] {"uid":"98486a0"}
[2019-11-13 00:27:46] UTN FRA LOGGER.INFO: Datos  =Mozilla/5.0 (Windows NT 6.1; Win64; x64) AppleWebKit/537.36 (KHTML, like Gecko) Chrome/76.0.3809.132 Safari/537.36 [] {"uid":"02c3d96"}
[2019-11-13 00:27:46] UTN FRA LOGGER.INFO: ip = [] {"uid":"02c3d96"}
[2019-11-13 00:28:48] UTN FRA LOGGER.INFO: Datos  =Mozilla/5.0 (Windows NT 6.1; Win64; x64) AppleWebKit/537.36 (KHTML, like Gecko) Chrome/76.0.3809.132 Safari/537.36 [] {"uid":"aa717b8"}
[2019-11-13 00:28:48] UTN FRA LOGGER.INFO: ip = [] {"uid":"aa717b8"}
[2019-11-13 00:29:04] UTN FRA LOGGER.INFO: Datos  =Mozilla/5.0 (Windows NT 6.1; Win64; x64) AppleWebKit/537.36 (KHTML, like Gecko) Chrome/76.0.3809.132 Safari/537.36 [] {"uid":"d67683e"}
[2019-11-13 00:29:04] UTN FRA LOGGER.INFO: ip = [] {"uid":"d67683e"}
[2019-11-13 00:31:41] UTN FRA LOGGER.INFO: Datos  =Mozilla/5.0 (Windows NT 6.1; Win64; x64) AppleWebKit/537.36 (KHTML, like Gecko) Chrome/76.0.3809.132 Safari/537.36 [] {"uid":"906e987"}
[2019-11-13 00:31:41] UTN FRA LOGGER.INFO: ip = [] {"uid":"906e987"}
[2019-11-13 00:31:53] UTN FRA LOGGER.INFO: Datos  =Mozilla/5.0 (Windows NT 6.1; Win64; x64) AppleWebKit/537.36 (KHTML, like Gecko) Chrome/76.0.3809.132 Safari/537.36 [] {"uid":"ea51dfa"}
[2019-11-13 00:31:53] UTN FRA LOGGER.INFO: ip = [] {"uid":"ea51dfa"}
[2019-11-13 00:36:28] UTN FRA LOGGER.INFO: Datos  =Mozilla/5.0 (Windows NT 6.1; Win64; x64) AppleWebKit/537.36 (KHTML, like Gecko) Chrome/76.0.3809.132 Safari/537.36 [] {"uid":"7d18703"}
[2019-11-13 00:36:28] UTN FRA LOGGER.INFO: ip = [] {"uid":"7d18703"}
[2019-11-13 00:36:35] UTN FRA LOGGER.INFO: Datos  =Mozilla/5.0 (Windows NT 6.1; Win64; x64) AppleWebKit/537.36 (KHTML, like Gecko) Chrome/76.0.3809.132 Safari/537.36 [] {"uid":"a4fc86b"}
[2019-11-13 00:36:35] UTN FRA LOGGER.INFO: ip = [] {"uid":"a4fc86b"}
[2019-11-13 00:36:46] UTN FRA LOGGER.INFO: Datos  =Mozilla/5.0 (Windows NT 6.1; Win64; x64) AppleWebKit/537.36 (KHTML, like Gecko) Chrome/76.0.3809.132 Safari/537.36 [] {"uid":"797bab3"}
[2019-11-13 00:36:46] UTN FRA LOGGER.INFO: ip = [] {"uid":"797bab3"}
[2019-11-13 00:38:10] UTN FRA LOGGER.INFO: Datos  =Mozilla/5.0 (Windows NT 6.1; Win64; x64) AppleWebKit/537.36 (KHTML, like Gecko) Chrome/76.0.3809.132 Safari/537.36 [] {"uid":"20d50fd"}
[2019-11-13 00:38:10] UTN FRA LOGGER.INFO: ip = [] {"uid":"20d50fd"}
[2019-11-13 00:38:14] UTN FRA LOGGER.INFO: Datos  =Mozilla/5.0 (Windows NT 6.1; Win64; x64) AppleWebKit/537.36 (KHTML, like Gecko) Chrome/76.0.3809.132 Safari/537.36 [] {"uid":"7c8f01c"}
[2019-11-13 00:38:14] UTN FRA LOGGER.INFO: ip = [] {"uid":"7c8f01c"}
[2019-11-13 00:38:23] UTN FRA LOGGER.INFO: Datos  =Mozilla/5.0 (Windows NT 6.1; Win64; x64) AppleWebKit/537.36 (KHTML, like Gecko) Chrome/76.0.3809.132 Safari/537.36 [] {"uid":"c64c067"}
[2019-11-13 00:38:23] UTN FRA LOGGER.INFO: ip = [] {"uid":"c64c067"}
[2019-11-13 00:39:13] UTN FRA LOGGER.INFO: Datos  =Mozilla/5.0 (Windows NT 6.1; Win64; x64) AppleWebKit/537.36 (KHTML, like Gecko) Chrome/76.0.3809.132 Safari/537.36 [] {"uid":"24691ab"}
[2019-11-13 00:39:13] UTN FRA LOGGER.INFO: ip = [] {"uid":"24691ab"}
[2019-11-13 00:39:37] UTN FRA LOGGER.INFO: Datos  =Mozilla/5.0 (Windows NT 6.1; Win64; x64) AppleWebKit/537.36 (KHTML, like Gecko) Chrome/76.0.3809.132 Safari/537.36 [] {"uid":"814d669"}
[2019-11-13 00:39:37] UTN FRA LOGGER.INFO: ip = [] {"uid":"814d669"}
[2019-11-13 00:39:46] UTN FRA LOGGER.INFO: Datos  =Mozilla/5.0 (Windows NT 6.1; Win64; x64) AppleWebKit/537.36 (KHTML, like Gecko) Chrome/76.0.3809.132 Safari/537.36 [] {"uid":"f515046"}
[2019-11-13 00:39:46] UTN FRA LOGGER.INFO: ip = [] {"uid":"f515046"}
[2019-11-13 00:39:56] UTN FRA LOGGER.INFO: Datos  =Mozilla/5.0 (Windows NT 6.1; Win64; x64) AppleWebKit/537.36 (KHTML, like Gecko) Chrome/76.0.3809.132 Safari/537.36 [] {"uid":"1467cde"}
[2019-11-13 00:39:56] UTN FRA LOGGER.INFO: ip = [] {"uid":"1467cde"}
[2019-11-13 00:40:32] UTN FRA LOGGER.INFO: Datos  =Mozilla/5.0 (Windows NT 6.1; Win64; x64) AppleWebKit/537.36 (KHTML, like Gecko) Chrome/76.0.3809.132 Safari/537.36 [] {"uid":"71bcdbb"}
[2019-11-13 00:40:32] UTN FRA LOGGER.INFO: ip = [] {"uid":"71bcdbb"}
[2019-11-13 00:42:28] UTN FRA LOGGER.INFO: Datos  =Mozilla/5.0 (Windows NT 6.1; Win64; x64) AppleWebKit/537.36 (KHTML, like Gecko) Chrome/76.0.3809.132 Safari/537.36 [] {"uid":"b9d7826"}
[2019-11-13 00:42:28] UTN FRA LOGGER.INFO: ip = [] {"uid":"b9d7826"}
[2019-11-13 00:42:41] UTN FRA LOGGER.INFO: Datos  =Mozilla/5.0 (Windows NT 6.1; Win64; x64) AppleWebKit/537.36 (KHTML, like Gecko) Chrome/76.0.3809.132 Safari/537.36 [] {"uid":"e49bf25"}
[2019-11-13 00:42:41] UTN FRA LOGGER.INFO: ip = [] {"uid":"e49bf25"}
[2019-11-13 00:42:48] UTN FRA LOGGER.INFO: Datos  =Mozilla/5.0 (Windows NT 6.1; Win64; x64) AppleWebKit/537.36 (KHTML, like Gecko) Chrome/76.0.3809.132 Safari/537.36 [] {"uid":"54634a4"}
[2019-11-13 00:42:48] UTN FRA LOGGER.INFO: ip = [] {"uid":"54634a4"}
[2019-11-13 00:43:34] UTN FRA LOGGER.INFO: Datos  =Mozilla/5.0 (Windows NT 6.1; Win64; x64) AppleWebKit/537.36 (KHTML, like Gecko) Chrome/76.0.3809.132 Safari/537.36 [] {"uid":"7f37d78"}
[2019-11-13 00:43:34] UTN FRA LOGGER.INFO: ip = [] {"uid":"7f37d78"}
[2019-11-13 00:45:45] UTN FRA LOGGER.INFO: Datos  =Mozilla/5.0 (Windows NT 6.1; Win64; x64) AppleWebKit/537.36 (KHTML, like Gecko) Chrome/76.0.3809.132 Safari/537.36 [] {"uid":"b871a4a"}
[2019-11-13 00:45:45] UTN FRA LOGGER.INFO: ip = [] {"uid":"b871a4a"}
[2019-11-13 00:45:55] UTN FRA LOGGER.INFO: Datos  =Mozilla/5.0 (Windows NT 6.1; Win64; x64) AppleWebKit/537.36 (KHTML, like Gecko) Chrome/76.0.3809.132 Safari/537.36 [] {"uid":"2e80de5"}
[2019-11-13 00:45:55] UTN FRA LOGGER.INFO: ip = [] {"uid":"2e80de5"}
[2019-11-13 00:46:14] UTN FRA LOGGER.INFO: Datos  =Mozilla/5.0 (Windows NT 6.1; Win64; x64) AppleWebKit/537.36 (KHTML, like Gecko) Chrome/76.0.3809.132 Safari/537.36 [] {"uid":"55c6e7d"}
[2019-11-13 00:46:14] UTN FRA LOGGER.INFO: ip = [] {"uid":"55c6e7d"}
[2019-11-13 00:46:58] UTN FRA LOGGER.INFO: Datos  =Mozilla/5.0 (Windows NT 6.1; Win64; x64) AppleWebKit/537.36 (KHTML, like Gecko) Chrome/76.0.3809.132 Safari/537.36 [] {"uid":"b4c0434"}
[2019-11-13 00:46:58] UTN FRA LOGGER.INFO: ip = [] {"uid":"b4c0434"}
[2019-11-13 00:47:13] UTN FRA LOGGER.INFO: Datos  =Mozilla/5.0 (Windows NT 6.1; Win64; x64) AppleWebKit/537.36 (KHTML, like Gecko) Chrome/76.0.3809.132 Safari/537.36 [] {"uid":"805871a"}
[2019-11-13 00:47:13] UTN FRA LOGGER.INFO: ip = [] {"uid":"805871a"}
[2019-11-13 00:47:15] UTN FRA LOGGER.INFO: Datos  =Mozilla/5.0 (Windows NT 6.1; Win64; x64) AppleWebKit/537.36 (KHTML, like Gecko) Chrome/76.0.3809.132 Safari/537.36 [] {"uid":"dd13829"}
[2019-11-13 00:47:15] UTN FRA LOGGER.INFO: ip = [] {"uid":"dd13829"}
[2019-11-13 00:47:25] UTN FRA LOGGER.INFO: Datos  =Mozilla/5.0 (Windows NT 6.1; Win64; x64) AppleWebKit/537.36 (KHTML, like Gecko) Chrome/76.0.3809.132 Safari/537.36 [] {"uid":"8de2e2e"}
[2019-11-13 00:47:25] UTN FRA LOGGER.INFO: ip = [] {"uid":"8de2e2e"}
[2019-11-13 01:30:10] UTN FRA LOGGER.INFO: Datos  =Mozilla/5.0 (Windows NT 6.1; Win64; x64) AppleWebKit/537.36 (KHTML, like Gecko) Chrome/76.0.3809.132 Safari/537.36 [] {"uid":"e70b9c1"}
[2019-11-13 01:30:10] UTN FRA LOGGER.INFO: ip = [] {"uid":"e70b9c1"}
[2019-11-13 01:30:42] UTN FRA LOGGER.INFO: Datos  =Mozilla/5.0 (Windows NT 6.1; Win64; x64) AppleWebKit/537.36 (KHTML, like Gecko) Chrome/76.0.3809.132 Safari/537.36 [] {"uid":"ef87c4c"}
[2019-11-13 01:30:42] UTN FRA LOGGER.INFO: ip = [] {"uid":"ef87c4c"}
[2019-11-13 01:31:27] UTN FRA LOGGER.INFO: Datos  =Mozilla/5.0 (Windows NT 6.1; Win64; x64) AppleWebKit/537.36 (KHTML, like Gecko) Chrome/76.0.3809.132 Safari/537.36 [] {"uid":"3e2409a"}
[2019-11-13 01:31:27] UTN FRA LOGGER.INFO: ip = [] {"uid":"3e2409a"}
[2019-11-13 01:31:43] UTN FRA LOGGER.INFO: Datos  =Mozilla/5.0 (Windows NT 6.1; Win64; x64) AppleWebKit/537.36 (KHTML, like Gecko) Chrome/76.0.3809.132 Safari/537.36 [] {"uid":"90a00e2"}
[2019-11-13 01:31:43] UTN FRA LOGGER.INFO: ip = [] {"uid":"90a00e2"}
[2019-11-13 01:31:47] UTN FRA LOGGER.INFO: Datos  =Mozilla/5.0 (Windows NT 6.1; Win64; x64) AppleWebKit/537.36 (KHTML, like Gecko) Chrome/76.0.3809.132 Safari/537.36 [] {"uid":"8f5cf23"}
[2019-11-13 01:31:47] UTN FRA LOGGER.INFO: ip = [] {"uid":"8f5cf23"}
[2019-11-13 01:32:00] UTN FRA LOGGER.INFO: Datos  =Mozilla/5.0 (Windows NT 6.1; Win64; x64) AppleWebKit/537.36 (KHTML, like Gecko) Chrome/76.0.3809.132 Safari/537.36 [] {"uid":"accfab5"}
[2019-11-13 01:32:00] UTN FRA LOGGER.INFO: ip = [] {"uid":"accfab5"}
[2019-11-13 01:54:55] UTN FRA LOGGER.INFO: Datos  =Mozilla/5.0 (Windows NT 6.1; Win64; x64) AppleWebKit/537.36 (KHTML, like Gecko) Chrome/76.0.3809.132 Safari/537.36 [] {"uid":"7e0bb80"}
[2019-11-13 01:54:55] UTN FRA LOGGER.INFO: ip = [] {"uid":"7e0bb80"}
[2019-11-13 01:55:35] UTN FRA LOGGER.INFO: Datos  =Mozilla/5.0 (Windows NT 6.1; Win64; x64) AppleWebKit/537.36 (KHTML, like Gecko) Chrome/76.0.3809.132 Safari/537.36 [] {"uid":"9383066"}
[2019-11-13 01:55:35] UTN FRA LOGGER.INFO: ip = [] {"uid":"9383066"}
[2019-11-13 01:57:09] UTN FRA LOGGER.INFO: Datos  =Mozilla/5.0 (Windows NT 6.1; Win64; x64) AppleWebKit/537.36 (KHTML, like Gecko) Chrome/76.0.3809.132 Safari/537.36 [] {"uid":"3975031"}
[2019-11-13 01:57:09] UTN FRA LOGGER.INFO: ip = [] {"uid":"3975031"}
[2019-11-13 02:00:11] UTN FRA LOGGER.INFO: Datos  =Mozilla/5.0 (Windows NT 6.1; Win64; x64) AppleWebKit/537.36 (KHTML, like Gecko) Chrome/76.0.3809.132 Safari/537.36 [] {"uid":"f7671bf"}
[2019-11-13 02:00:11] UTN FRA LOGGER.INFO: ip = [] {"uid":"f7671bf"}
[2019-11-13 02:01:50] UTN FRA LOGGER.INFO: Datos  =Mozilla/5.0 (Windows NT 6.1; Win64; x64) AppleWebKit/537.36 (KHTML, like Gecko) Chrome/76.0.3809.132 Safari/537.36 [] {"uid":"1684584"}
[2019-11-13 02:01:50] UTN FRA LOGGER.INFO: ip = [] {"uid":"1684584"}
[2019-11-13 02:03:35] UTN FRA LOGGER.INFO: Datos  =Mozilla/5.0 (Windows NT 6.1; Win64; x64) AppleWebKit/537.36 (KHTML, like Gecko) Chrome/76.0.3809.132 Safari/537.36 [] {"uid":"6e2e8b7"}
[2019-11-13 02:03:35] UTN FRA LOGGER.INFO: ip = [] {"uid":"6e2e8b7"}
[2019-11-13 02:04:17] UTN FRA LOGGER.INFO: Datos  =Mozilla/5.0 (Windows NT 6.1; Win64; x64) AppleWebKit/537.36 (KHTML, like Gecko) Chrome/76.0.3809.132 Safari/537.36 [] {"uid":"3468750"}
[2019-11-13 02:04:17] UTN FRA LOGGER.INFO: ip = [] {"uid":"3468750"}
[2019-11-13 02:04:22] UTN FRA LOGGER.INFO: Datos  =Mozilla/5.0 (Windows NT 6.1; Win64; x64) AppleWebKit/537.36 (KHTML, like Gecko) Chrome/76.0.3809.132 Safari/537.36 [] {"uid":"2f9ee2f"}
[2019-11-13 02:04:22] UTN FRA LOGGER.INFO: ip = [] {"uid":"2f9ee2f"}
[2019-11-13 02:04:28] UTN FRA LOGGER.INFO: Datos  =Mozilla/5.0 (Windows NT 6.1; Win64; x64) AppleWebKit/537.36 (KHTML, like Gecko) Chrome/76.0.3809.132 Safari/537.36 [] {"uid":"8ddbc7f"}
[2019-11-13 02:04:28] UTN FRA LOGGER.INFO: ip = [] {"uid":"8ddbc7f"}
[2019-11-13 02:04:33] UTN FRA LOGGER.INFO: Datos  =Mozilla/5.0 (Windows NT 6.1; Win64; x64) AppleWebKit/537.36 (KHTML, like Gecko) Chrome/76.0.3809.132 Safari/537.36 [] {"uid":"083bb5f"}
[2019-11-13 02:04:33] UTN FRA LOGGER.INFO: ip = [] {"uid":"083bb5f"}
[2019-11-13 02:04:45] UTN FRA LOGGER.INFO: Datos  =Mozilla/5.0 (Windows NT 6.1; Win64; x64) AppleWebKit/537.36 (KHTML, like Gecko) Chrome/76.0.3809.132 Safari/537.36 [] {"uid":"fdc976b"}
[2019-11-13 02:04:45] UTN FRA LOGGER.INFO: ip = [] {"uid":"fdc976b"}
[2019-11-13 02:05:08] UTN FRA LOGGER.INFO: Datos  =Mozilla/5.0 (Windows NT 6.1; Win64; x64) AppleWebKit/537.36 (KHTML, like Gecko) Chrome/76.0.3809.132 Safari/537.36 [] {"uid":"0c13af2"}
[2019-11-13 02:05:08] UTN FRA LOGGER.INFO: ip = [] {"uid":"0c13af2"}
[2019-11-13 02:05:15] UTN FRA LOGGER.INFO: Datos  =Mozilla/5.0 (Windows NT 6.1; Win64; x64) AppleWebKit/537.36 (KHTML, like Gecko) Chrome/76.0.3809.132 Safari/537.36 [] {"uid":"5752419"}
[2019-11-13 02:05:15] UTN FRA LOGGER.INFO: ip = [] {"uid":"5752419"}
[2019-11-13 02:06:51] UTN FRA LOGGER.INFO: Datos  =Mozilla/5.0 (Windows NT 6.1; Win64; x64) AppleWebKit/537.36 (KHTML, like Gecko) Chrome/76.0.3809.132 Safari/537.36 [] {"uid":"0d96b20"}
[2019-11-13 02:06:51] UTN FRA LOGGER.INFO: ip = [] {"uid":"0d96b20"}
[2019-11-13 02:11:12] UTN FRA LOGGER.INFO: Datos  =Mozilla/5.0 (Windows NT 6.1; Win64; x64) AppleWebKit/537.36 (KHTML, like Gecko) Chrome/76.0.3809.132 Safari/537.36 [] {"uid":"f4e25bd"}
[2019-11-13 02:11:12] UTN FRA LOGGER.INFO: ip = [] {"uid":"f4e25bd"}
[2019-11-13 02:12:02] UTN FRA LOGGER.INFO: Datos  =Mozilla/5.0 (Windows NT 6.1; Win64; x64) AppleWebKit/537.36 (KHTML, like Gecko) Chrome/76.0.3809.132 Safari/537.36 [] {"uid":"11c329b"}
[2019-11-13 02:12:02] UTN FRA LOGGER.INFO: ip = [] {"uid":"11c329b"}
[2019-11-13 02:12:13] UTN FRA LOGGER.INFO: Datos  =Mozilla/5.0 (Windows NT 6.1; Win64; x64) AppleWebKit/537.36 (KHTML, like Gecko) Chrome/76.0.3809.132 Safari/537.36 [] {"uid":"83861f7"}
[2019-11-13 02:12:13] UTN FRA LOGGER.INFO: ip = [] {"uid":"83861f7"}
[2019-11-13 02:14:40] UTN FRA LOGGER.INFO: Datos  =Mozilla/5.0 (Windows NT 6.1; Win64; x64) AppleWebKit/537.36 (KHTML, like Gecko) Chrome/76.0.3809.132 Safari/537.36 [] {"uid":"1b9ae73"}
[2019-11-13 02:14:40] UTN FRA LOGGER.INFO: ip = [] {"uid":"1b9ae73"}
[2019-11-13 02:14:45] UTN FRA LOGGER.INFO: Datos  =Mozilla/5.0 (Windows NT 6.1; Win64; x64) AppleWebKit/537.36 (KHTML, like Gecko) Chrome/76.0.3809.132 Safari/537.36 [] {"uid":"e92e850"}
[2019-11-13 02:14:45] UTN FRA LOGGER.INFO: ip = [] {"uid":"e92e850"}
[2019-11-13 02:15:07] UTN FRA LOGGER.INFO: Datos  =Mozilla/5.0 (Windows NT 6.1; Win64; x64) AppleWebKit/537.36 (KHTML, like Gecko) Chrome/76.0.3809.132 Safari/537.36 [] {"uid":"110892d"}
[2019-11-13 02:15:07] UTN FRA LOGGER.INFO: ip = [] {"uid":"110892d"}
[2019-11-13 02:15:28] UTN FRA LOGGER.INFO: Datos  =Mozilla/5.0 (Windows NT 6.1; Win64; x64) AppleWebKit/537.36 (KHTML, like Gecko) Chrome/76.0.3809.132 Safari/537.36 [] {"uid":"9564c19"}
[2019-11-13 02:15:28] UTN FRA LOGGER.INFO: ip = [] {"uid":"9564c19"}
[2019-11-15 15:13:32] UTN FRA LOGGER.INFO: Datos  =PostmanRuntime/7.19.0 [] {"uid":"01cd2f1"}
[2019-11-15 15:13:32] UTN FRA LOGGER.INFO: ip = [] {"uid":"01cd2f1"}
[2019-11-15 15:14:05] UTN FRA LOGGER.INFO: Datos  =PostmanRuntime/7.19.0 [] {"uid":"97d8840"}
[2019-11-15 15:14:05] UTN FRA LOGGER.INFO: ip = [] {"uid":"97d8840"}
[2019-11-15 15:47:36] UTN FRA LOGGER.INFO: Datos  =PostmanRuntime/7.19.0 [] {"uid":"6dd2f7f"}
[2019-11-15 15:47:36] UTN FRA LOGGER.INFO: ip = [] {"uid":"6dd2f7f"}
[2019-11-15 15:48:01] UTN FRA LOGGER.INFO: Datos  =PostmanRuntime/7.19.0 [] {"uid":"9ac0a01"}
[2019-11-15 15:48:01] UTN FRA LOGGER.INFO: ip = [] {"uid":"9ac0a01"}
[2019-11-15 15:48:10] UTN FRA LOGGER.INFO: Datos  =PostmanRuntime/7.19.0 [] {"uid":"c5fe8b9"}
[2019-11-15 15:48:10] UTN FRA LOGGER.INFO: ip = [] {"uid":"c5fe8b9"}
[2019-11-15 15:49:29] UTN FRA LOGGER.INFO: Datos  =PostmanRuntime/7.19.0 [] {"uid":"8f24f37"}
[2019-11-15 15:49:29] UTN FRA LOGGER.INFO: ip = [] {"uid":"8f24f37"}
[2019-11-15 15:49:58] UTN FRA LOGGER.INFO: Datos  =PostmanRuntime/7.19.0 [] {"uid":"e64fb45"}
[2019-11-15 15:49:58] UTN FRA LOGGER.INFO: ip = [] {"uid":"e64fb45"}
[2019-11-15 15:50:14] UTN FRA LOGGER.INFO: Datos  =PostmanRuntime/7.19.0 [] {"uid":"eb49a41"}
[2019-11-15 15:50:14] UTN FRA LOGGER.INFO: ip = [] {"uid":"eb49a41"}
[2019-11-15 15:52:12] UTN FRA LOGGER.INFO: Datos  =PostmanRuntime/7.19.0 [] {"uid":"5ce5e9e"}
[2019-11-15 15:52:12] UTN FRA LOGGER.INFO: ip = [] {"uid":"5ce5e9e"}
[2019-11-15 15:52:57] UTN FRA LOGGER.INFO: Datos  =PostmanRuntime/7.19.0 [] {"uid":"8346d14"}
[2019-11-15 15:52:57] UTN FRA LOGGER.INFO: ip = [] {"uid":"8346d14"}
[2019-11-15 15:53:02] UTN FRA LOGGER.INFO: Datos  =PostmanRuntime/7.19.0 [] {"uid":"11661df"}
[2019-11-15 15:53:02] UTN FRA LOGGER.INFO: ip = [] {"uid":"11661df"}
[2019-11-15 15:53:37] UTN FRA LOGGER.INFO: Datos  =PostmanRuntime/7.19.0 [] {"uid":"5e908e2"}
[2019-11-15 15:53:37] UTN FRA LOGGER.INFO: ip = [] {"uid":"5e908e2"}
[2019-11-15 15:53:52] UTN FRA LOGGER.INFO: Datos  =PostmanRuntime/7.19.0 [] {"uid":"678ced6"}
[2019-11-15 15:53:52] UTN FRA LOGGER.INFO: ip = [] {"uid":"678ced6"}
[2019-11-15 15:54:47] UTN FRA LOGGER.INFO: Datos  =PostmanRuntime/7.19.0 [] {"uid":"f8ed461"}
[2019-11-15 15:54:47] UTN FRA LOGGER.INFO: ip = [] {"uid":"f8ed461"}
[2019-11-15 15:56:09] UTN FRA LOGGER.INFO: Datos  =PostmanRuntime/7.19.0 [] {"uid":"ef20ae2"}
[2019-11-15 15:56:09] UTN FRA LOGGER.INFO: ip = [] {"uid":"ef20ae2"}
[2019-11-15 15:57:57] UTN FRA LOGGER.INFO: Datos  =PostmanRuntime/7.19.0 [] {"uid":"9022812"}
[2019-11-15 15:57:57] UTN FRA LOGGER.INFO: ip = [] {"uid":"9022812"}
[2019-11-15 15:59:57] UTN FRA LOGGER.INFO: Datos  =PostmanRuntime/7.19.0 [] {"uid":"2a2798a"}
[2019-11-15 15:59:57] UTN FRA LOGGER.INFO: ip = [] {"uid":"2a2798a"}
[2019-11-15 16:00:14] UTN FRA LOGGER.INFO: Datos  =PostmanRuntime/7.19.0 [] {"uid":"f13c55f"}
[2019-11-15 16:00:14] UTN FRA LOGGER.INFO: ip = [] {"uid":"f13c55f"}
[2019-11-15 16:11:50] UTN FRA LOGGER.INFO: Datos  =PostmanRuntime/7.19.0 [] {"uid":"c9c92c7"}
[2019-11-15 16:11:50] UTN FRA LOGGER.INFO: ip = [] {"uid":"c9c92c7"}
[2019-11-15 16:12:38] UTN FRA LOGGER.INFO: Datos  =PostmanRuntime/7.19.0 [] {"uid":"2d9341f"}
[2019-11-15 16:12:38] UTN FRA LOGGER.INFO: ip = [] {"uid":"2d9341f"}
[2019-11-15 16:16:03] UTN FRA LOGGER.INFO: Datos  =PostmanRuntime/7.19.0 [] {"uid":"158a175"}
[2019-11-15 16:16:03] UTN FRA LOGGER.INFO: ip = [] {"uid":"158a175"}
[2019-11-15 16:16:30] UTN FRA LOGGER.INFO: Datos  =PostmanRuntime/7.19.0 [] {"uid":"76d8b41"}
[2019-11-15 16:16:30] UTN FRA LOGGER.INFO: ip = [] {"uid":"76d8b41"}
[2019-11-15 16:17:33] UTN FRA LOGGER.INFO: Datos  =PostmanRuntime/7.19.0 [] {"uid":"e44a4e6"}
[2019-11-15 16:17:33] UTN FRA LOGGER.INFO: ip = [] {"uid":"e44a4e6"}
[2019-11-15 16:18:08] UTN FRA LOGGER.INFO: Datos  =PostmanRuntime/7.19.0 [] {"uid":"8adbb43"}
[2019-11-15 16:18:08] UTN FRA LOGGER.INFO: ip = [] {"uid":"8adbb43"}
[2019-11-15 16:18:27] UTN FRA LOGGER.INFO: Datos  =PostmanRuntime/7.19.0 [] {"uid":"0b7fa0f"}
[2019-11-15 16:18:27] UTN FRA LOGGER.INFO: ip = [] {"uid":"0b7fa0f"}
[2019-11-15 16:25:13] UTN FRA LOGGER.INFO: Datos  =PostmanRuntime/7.19.0 [] {"uid":"52496b4"}
[2019-11-15 16:25:13] UTN FRA LOGGER.INFO: ip = [] {"uid":"52496b4"}
[2019-11-15 16:28:44] UTN FRA LOGGER.INFO: Datos  =PostmanRuntime/7.19.0 [] {"uid":"d145aaa"}
[2019-11-15 16:28:44] UTN FRA LOGGER.INFO: ip = [] {"uid":"d145aaa"}
[2019-11-15 16:29:02] UTN FRA LOGGER.INFO: Datos  =PostmanRuntime/7.19.0 [] {"uid":"93c95ef"}
[2019-11-15 16:29:02] UTN FRA LOGGER.INFO: ip = [] {"uid":"93c95ef"}
[2019-11-15 16:38:31] UTN FRA LOGGER.INFO: Datos  =PostmanRuntime/7.19.0 [] {"uid":"6176ba2"}
[2019-11-15 16:38:31] UTN FRA LOGGER.INFO: ip = [] {"uid":"6176ba2"}
[2019-11-15 16:39:02] UTN FRA LOGGER.INFO: Datos  =PostmanRuntime/7.19.0 [] {"uid":"50ead4e"}
[2019-11-15 16:39:02] UTN FRA LOGGER.INFO: ip = [] {"uid":"50ead4e"}
[2019-11-15 16:39:19] UTN FRA LOGGER.INFO: Datos  =PostmanRuntime/7.19.0 [] {"uid":"cc930e4"}
[2019-11-15 16:39:19] UTN FRA LOGGER.INFO: ip = [] {"uid":"cc930e4"}
[2019-11-15 16:39:30] UTN FRA LOGGER.INFO: Datos  =PostmanRuntime/7.19.0 [] {"uid":"6f97928"}
[2019-11-15 16:39:30] UTN FRA LOGGER.INFO: ip = [] {"uid":"6f97928"}
[2019-11-15 16:48:07] UTN FRA LOGGER.INFO: Datos  =PostmanRuntime/7.19.0 [] {"uid":"46e5467"}
[2019-11-15 16:48:07] UTN FRA LOGGER.INFO: ip = [] {"uid":"46e5467"}
[2019-11-15 16:49:25] UTN FRA LOGGER.INFO: Datos  =PostmanRuntime/7.19.0 [] {"uid":"55b2d6d"}
[2019-11-15 16:49:25] UTN FRA LOGGER.INFO: ip = [] {"uid":"55b2d6d"}
[2019-11-15 16:49:57] UTN FRA LOGGER.INFO: Datos  =PostmanRuntime/7.19.0 [] {"uid":"ddcdbc2"}
[2019-11-15 16:49:57] UTN FRA LOGGER.INFO: ip = [] {"uid":"ddcdbc2"}
[2019-11-15 16:50:06] UTN FRA LOGGER.INFO: Datos  =PostmanRuntime/7.19.0 [] {"uid":"9faec68"}
[2019-11-15 16:50:06] UTN FRA LOGGER.INFO: ip = [] {"uid":"9faec68"}
[2019-11-15 16:50:14] UTN FRA LOGGER.INFO: Datos  =PostmanRuntime/7.19.0 [] {"uid":"1020273"}
[2019-11-15 16:50:14] UTN FRA LOGGER.INFO: ip = [] {"uid":"1020273"}
[2019-11-15 16:52:24] UTN FRA LOGGER.INFO: Datos  =PostmanRuntime/7.19.0 [] {"uid":"624f302"}
[2019-11-15 16:52:24] UTN FRA LOGGER.INFO: ip = [] {"uid":"624f302"}
[2019-11-15 16:52:38] UTN FRA LOGGER.INFO: Datos  =PostmanRuntime/7.19.0 [] {"uid":"aacf509"}
[2019-11-15 16:52:38] UTN FRA LOGGER.INFO: ip = [] {"uid":"aacf509"}
[2019-11-15 16:52:55] UTN FRA LOGGER.INFO: Datos  =PostmanRuntime/7.19.0 [] {"uid":"c91b21a"}
[2019-11-15 16:52:55] UTN FRA LOGGER.INFO: ip = [] {"uid":"c91b21a"}
[2019-11-15 16:53:08] UTN FRA LOGGER.INFO: Datos  =PostmanRuntime/7.19.0 [] {"uid":"8b5034b"}
[2019-11-15 16:53:08] UTN FRA LOGGER.INFO: ip = [] {"uid":"8b5034b"}
[2019-11-15 17:26:34] UTN FRA LOGGER.INFO: Datos  =PostmanRuntime/7.19.0 [] {"uid":"8ad7ce8"}
[2019-11-15 17:26:34] UTN FRA LOGGER.INFO: ip = [] {"uid":"8ad7ce8"}
[2019-11-15 17:28:07] UTN FRA LOGGER.INFO: Datos  =PostmanRuntime/7.19.0 [] {"uid":"e2a86b4"}
[2019-11-15 17:28:07] UTN FRA LOGGER.INFO: ip = [] {"uid":"e2a86b4"}
[2019-11-15 17:28:19] UTN FRA LOGGER.INFO: Datos  =PostmanRuntime/7.19.0 [] {"uid":"04d2149"}
[2019-11-15 17:28:19] UTN FRA LOGGER.INFO: ip = [] {"uid":"04d2149"}
[2019-11-15 17:29:02] UTN FRA LOGGER.INFO: Datos  =PostmanRuntime/7.19.0 [] {"uid":"87d46ad"}
[2019-11-15 17:29:02] UTN FRA LOGGER.INFO: ip = [] {"uid":"87d46ad"}
[2019-11-15 17:29:19] UTN FRA LOGGER.INFO: Datos  =PostmanRuntime/7.19.0 [] {"uid":"7772a68"}
[2019-11-15 17:29:19] UTN FRA LOGGER.INFO: ip = [] {"uid":"7772a68"}
[2019-11-15 17:29:39] UTN FRA LOGGER.INFO: Datos  =PostmanRuntime/7.19.0 [] {"uid":"71e56a5"}
[2019-11-15 17:29:39] UTN FRA LOGGER.INFO: ip = [] {"uid":"71e56a5"}
[2019-11-15 17:31:14] UTN FRA LOGGER.INFO: Datos  =PostmanRuntime/7.19.0 [] {"uid":"c9312fb"}
[2019-11-15 17:31:14] UTN FRA LOGGER.INFO: ip = [] {"uid":"c9312fb"}
[2019-11-15 17:31:31] UTN FRA LOGGER.INFO: Datos  =PostmanRuntime/7.19.0 [] {"uid":"c1b50fd"}
[2019-11-15 17:31:31] UTN FRA LOGGER.INFO: ip = [] {"uid":"c1b50fd"}
[2019-11-15 17:37:57] UTN FRA LOGGER.INFO: Datos  =PostmanRuntime/7.19.0 [] {"uid":"1ff8ab9"}
[2019-11-15 17:37:57] UTN FRA LOGGER.INFO: ip = [] {"uid":"1ff8ab9"}
[2019-11-15 17:38:24] UTN FRA LOGGER.INFO: Datos  =PostmanRuntime/7.19.0 [] {"uid":"b43564d"}
[2019-11-15 17:38:24] UTN FRA LOGGER.INFO: ip = [] {"uid":"b43564d"}
[2019-11-15 17:38:35] UTN FRA LOGGER.INFO: Datos  =PostmanRuntime/7.19.0 [] {"uid":"8f9c75b"}
[2019-11-15 17:38:35] UTN FRA LOGGER.INFO: ip = [] {"uid":"8f9c75b"}
[2019-11-15 17:45:24] UTN FRA LOGGER.INFO: Datos  =PostmanRuntime/7.19.0 [] {"uid":"1ac424c"}
[2019-11-15 17:45:24] UTN FRA LOGGER.INFO: ip = [] {"uid":"1ac424c"}
[2019-11-15 17:45:34] UTN FRA LOGGER.INFO: Datos  =PostmanRuntime/7.19.0 [] {"uid":"27177a2"}
[2019-11-15 17:45:34] UTN FRA LOGGER.INFO: ip = [] {"uid":"27177a2"}
[2019-11-15 17:45:38] UTN FRA LOGGER.INFO: Datos  =PostmanRuntime/7.19.0 [] {"uid":"212f0ec"}
[2019-11-15 17:45:38] UTN FRA LOGGER.INFO: ip = [] {"uid":"212f0ec"}
[2019-11-15 17:46:24] UTN FRA LOGGER.INFO: Datos  =PostmanRuntime/7.19.0 [] {"uid":"deef8a9"}
[2019-11-15 17:46:24] UTN FRA LOGGER.INFO: ip = [] {"uid":"deef8a9"}
[2019-11-15 17:46:34] UTN FRA LOGGER.INFO: Datos  =PostmanRuntime/7.19.0 [] {"uid":"712a59f"}
[2019-11-15 17:46:34] UTN FRA LOGGER.INFO: ip = [] {"uid":"712a59f"}
[2019-11-15 17:46:45] UTN FRA LOGGER.INFO: Datos  =PostmanRuntime/7.19.0 [] {"uid":"761c52e"}
[2019-11-15 17:46:45] UTN FRA LOGGER.INFO: ip = [] {"uid":"761c52e"}
[2019-11-15 17:48:40] UTN FRA LOGGER.INFO: Datos  =PostmanRuntime/7.19.0 [] {"uid":"d82dc62"}
[2019-11-15 17:48:40] UTN FRA LOGGER.INFO: ip = [] {"uid":"d82dc62"}
[2019-11-15 17:49:04] UTN FRA LOGGER.INFO: Datos  =PostmanRuntime/7.19.0 [] {"uid":"36dc7a7"}
[2019-11-15 17:49:04] UTN FRA LOGGER.INFO: ip = [] {"uid":"36dc7a7"}
[2019-11-15 17:49:09] UTN FRA LOGGER.INFO: Datos  =PostmanRuntime/7.19.0 [] {"uid":"bbc493b"}
[2019-11-15 17:49:09] UTN FRA LOGGER.INFO: ip = [] {"uid":"bbc493b"}
[2019-11-15 17:49:18] UTN FRA LOGGER.INFO: Datos  =PostmanRuntime/7.19.0 [] {"uid":"005f325"}
[2019-11-15 17:49:18] UTN FRA LOGGER.INFO: ip = [] {"uid":"005f325"}
[2019-11-15 17:50:50] UTN FRA LOGGER.INFO: Datos  =PostmanRuntime/7.19.0 [] {"uid":"7e6ae1c"}
[2019-11-15 17:50:50] UTN FRA LOGGER.INFO: ip = [] {"uid":"7e6ae1c"}
[2019-11-15 17:52:24] UTN FRA LOGGER.INFO: Datos  =PostmanRuntime/7.19.0 [] {"uid":"4310d1b"}
[2019-11-15 17:52:24] UTN FRA LOGGER.INFO: ip = [] {"uid":"4310d1b"}
[2019-11-15 17:52:38] UTN FRA LOGGER.INFO: Datos  =PostmanRuntime/7.19.0 [] {"uid":"340b350"}
[2019-11-15 17:52:38] UTN FRA LOGGER.INFO: ip = [] {"uid":"340b350"}
[2019-11-15 17:54:26] UTN FRA LOGGER.INFO: Datos  =PostmanRuntime/7.19.0 [] {"uid":"4030158"}
[2019-11-15 17:54:26] UTN FRA LOGGER.INFO: ip = [] {"uid":"4030158"}
[2019-11-15 17:54:32] UTN FRA LOGGER.INFO: Datos  =PostmanRuntime/7.19.0 [] {"uid":"f9e91cf"}
[2019-11-15 17:54:32] UTN FRA LOGGER.INFO: ip = [] {"uid":"f9e91cf"}
[2019-11-15 17:54:44] UTN FRA LOGGER.INFO: Datos  =PostmanRuntime/7.19.0 [] {"uid":"d2776e1"}
[2019-11-15 17:54:44] UTN FRA LOGGER.INFO: ip = [] {"uid":"d2776e1"}
[2019-11-15 17:59:14] UTN FRA LOGGER.INFO: Datos  =PostmanRuntime/7.19.0 [] {"uid":"d434fcd"}
[2019-11-15 17:59:14] UTN FRA LOGGER.INFO: ip = [] {"uid":"d434fcd"}
[2019-11-15 17:59:26] UTN FRA LOGGER.INFO: Datos  =PostmanRuntime/7.19.0 [] {"uid":"75d2c36"}
[2019-11-15 17:59:26] UTN FRA LOGGER.INFO: ip = [] {"uid":"75d2c36"}
[2019-11-15 18:00:18] UTN FRA LOGGER.INFO: Datos  =PostmanRuntime/7.19.0 [] {"uid":"09536f5"}
[2019-11-15 18:00:18] UTN FRA LOGGER.INFO: ip = [] {"uid":"09536f5"}
[2019-11-15 18:00:54] UTN FRA LOGGER.INFO: Datos  =PostmanRuntime/7.19.0 [] {"uid":"7436179"}
[2019-11-15 18:00:54] UTN FRA LOGGER.INFO: ip = [] {"uid":"7436179"}
[2019-11-15 18:01:59] UTN FRA LOGGER.INFO: Datos  =PostmanRuntime/7.19.0 [] {"uid":"aaddb78"}
[2019-11-15 18:01:59] UTN FRA LOGGER.INFO: ip = [] {"uid":"aaddb78"}
[2019-11-15 18:02:09] UTN FRA LOGGER.INFO: Datos  =PostmanRuntime/7.19.0 [] {"uid":"4c300bc"}
[2019-11-15 18:02:09] UTN FRA LOGGER.INFO: ip = [] {"uid":"4c300bc"}
[2019-11-15 18:02:20] UTN FRA LOGGER.INFO: Datos  =PostmanRuntime/7.19.0 [] {"uid":"9278902"}
[2019-11-15 18:02:20] UTN FRA LOGGER.INFO: ip = [] {"uid":"9278902"}
[2019-11-15 18:03:35] UTN FRA LOGGER.INFO: Datos  =PostmanRuntime/7.19.0 [] {"uid":"34d3ae7"}
[2019-11-15 18:03:35] UTN FRA LOGGER.INFO: ip = [] {"uid":"34d3ae7"}
[2019-11-15 18:51:58] UTN FRA LOGGER.INFO: Datos  =PostmanRuntime/7.19.0 [] {"uid":"d30511b"}
[2019-11-15 18:51:58] UTN FRA LOGGER.INFO: ip = [] {"uid":"d30511b"}
[2019-11-15 18:52:24] UTN FRA LOGGER.INFO: Datos  =PostmanRuntime/7.19.0 [] {"uid":"5b99d21"}
[2019-11-15 18:52:24] UTN FRA LOGGER.INFO: ip = [] {"uid":"5b99d21"}
[2019-11-15 18:54:44] UTN FRA LOGGER.INFO: Datos  =PostmanRuntime/7.19.0 [] {"uid":"c903bc6"}
[2019-11-15 18:54:44] UTN FRA LOGGER.INFO: ip = [] {"uid":"c903bc6"}
[2019-11-15 18:55:09] UTN FRA LOGGER.INFO: Datos  =PostmanRuntime/7.19.0 [] {"uid":"060d966"}
[2019-11-15 18:55:09] UTN FRA LOGGER.INFO: ip = [] {"uid":"060d966"}
[2019-11-15 18:55:55] UTN FRA LOGGER.INFO: Datos  =PostmanRuntime/7.19.0 [] {"uid":"9e5712d"}
[2019-11-15 18:55:55] UTN FRA LOGGER.INFO: ip = [] {"uid":"9e5712d"}
[2019-11-15 18:58:21] UTN FRA LOGGER.INFO: Datos  =PostmanRuntime/7.19.0 [] {"uid":"fbc2362"}
[2019-11-15 18:58:21] UTN FRA LOGGER.INFO: ip = [] {"uid":"fbc2362"}
[2019-11-15 18:58:53] UTN FRA LOGGER.INFO: Datos  =PostmanRuntime/7.19.0 [] {"uid":"16d7127"}
[2019-11-15 18:58:53] UTN FRA LOGGER.INFO: ip = [] {"uid":"16d7127"}
[2019-11-15 19:01:45] UTN FRA LOGGER.INFO: Datos  =PostmanRuntime/7.19.0 [] {"uid":"09ea813"}
[2019-11-15 19:01:45] UTN FRA LOGGER.INFO: ip = [] {"uid":"09ea813"}
[2019-11-15 19:03:26] UTN FRA LOGGER.INFO: Datos  =PostmanRuntime/7.19.0 [] {"uid":"9afefc3"}
[2019-11-15 19:03:26] UTN FRA LOGGER.INFO: ip = [] {"uid":"9afefc3"}
[2019-11-15 19:06:31] UTN FRA LOGGER.INFO: Datos  =PostmanRuntime/7.19.0 [] {"uid":"d4f3b64"}
[2019-11-15 19:06:31] UTN FRA LOGGER.INFO: ip = [] {"uid":"d4f3b64"}
[2019-11-15 19:07:07] UTN FRA LOGGER.INFO: Datos  =PostmanRuntime/7.19.0 [] {"uid":"63006b5"}
[2019-11-15 19:07:07] UTN FRA LOGGER.INFO: ip = [] {"uid":"63006b5"}
[2019-11-15 19:07:30] UTN FRA LOGGER.INFO: Datos  =PostmanRuntime/7.19.0 [] {"uid":"8a2103b"}
[2019-11-15 19:07:30] UTN FRA LOGGER.INFO: ip = [] {"uid":"8a2103b"}
[2019-11-15 19:08:47] UTN FRA LOGGER.INFO: Datos  =PostmanRuntime/7.19.0 [] {"uid":"e15de4a"}
[2019-11-15 19:08:47] UTN FRA LOGGER.INFO: ip = [] {"uid":"e15de4a"}
[2019-11-15 19:09:35] UTN FRA LOGGER.INFO: Datos  =PostmanRuntime/7.19.0 [] {"uid":"0b2a0c0"}
[2019-11-15 19:09:35] UTN FRA LOGGER.INFO: ip = [] {"uid":"0b2a0c0"}
[2019-11-15 19:10:52] UTN FRA LOGGER.INFO: Datos  =PostmanRuntime/7.19.0 [] {"uid":"e825ba8"}
[2019-11-15 19:10:52] UTN FRA LOGGER.INFO: ip = [] {"uid":"e825ba8"}
[2019-11-15 19:11:35] UTN FRA LOGGER.INFO: Datos  =PostmanRuntime/7.19.0 [] {"uid":"6ce76e6"}
[2019-11-15 19:11:35] UTN FRA LOGGER.INFO: ip = [] {"uid":"6ce76e6"}
[2019-11-15 19:12:20] UTN FRA LOGGER.INFO: Datos  =PostmanRuntime/7.19.0 [] {"uid":"a12be97"}
[2019-11-15 19:12:20] UTN FRA LOGGER.INFO: ip = [] {"uid":"a12be97"}
[2019-11-15 19:13:25] UTN FRA LOGGER.INFO: Datos  =PostmanRuntime/7.19.0 [] {"uid":"01afa13"}
[2019-11-15 19:13:25] UTN FRA LOGGER.INFO: ip = [] {"uid":"01afa13"}
[2019-11-15 19:13:42] UTN FRA LOGGER.INFO: Datos  =PostmanRuntime/7.19.0 [] {"uid":"129851f"}
[2019-11-15 19:13:42] UTN FRA LOGGER.INFO: ip = [] {"uid":"129851f"}
[2019-11-15 19:16:24] UTN FRA LOGGER.INFO: Datos  =PostmanRuntime/7.19.0 [] {"uid":"be7e799"}
[2019-11-15 19:16:24] UTN FRA LOGGER.INFO: ip = [] {"uid":"be7e799"}
[2019-11-15 19:16:30] UTN FRA LOGGER.INFO: Datos  =PostmanRuntime/7.19.0 [] {"uid":"20f82e6"}
[2019-11-15 19:16:30] UTN FRA LOGGER.INFO: ip = [] {"uid":"20f82e6"}
[2019-11-15 19:16:47] UTN FRA LOGGER.INFO: Datos  =PostmanRuntime/7.19.0 [] {"uid":"adb4a3b"}
[2019-11-15 19:16:47] UTN FRA LOGGER.INFO: ip = [] {"uid":"adb4a3b"}
[2019-11-15 19:17:08] UTN FRA LOGGER.INFO: Datos  =PostmanRuntime/7.19.0 [] {"uid":"8b23298"}
[2019-11-15 19:17:08] UTN FRA LOGGER.INFO: ip = [] {"uid":"8b23298"}
[2019-11-15 19:21:17] UTN FRA LOGGER.INFO: Datos  =PostmanRuntime/7.19.0 [] {"uid":"a49edb8"}
[2019-11-15 19:21:17] UTN FRA LOGGER.INFO: ip = [] {"uid":"a49edb8"}
[2019-11-15 19:21:25] UTN FRA LOGGER.INFO: Datos  =PostmanRuntime/7.19.0 [] {"uid":"48feffe"}
[2019-11-15 19:21:25] UTN FRA LOGGER.INFO: ip = [] {"uid":"48feffe"}
[2019-11-15 19:21:40] UTN FRA LOGGER.INFO: Datos  =PostmanRuntime/7.19.0 [] {"uid":"d57a6b3"}
[2019-11-15 19:21:40] UTN FRA LOGGER.INFO: ip = [] {"uid":"d57a6b3"}
[2019-11-15 19:21:46] UTN FRA LOGGER.INFO: Datos  =PostmanRuntime/7.19.0 [] {"uid":"69b5aa5"}
[2019-11-15 19:21:46] UTN FRA LOGGER.INFO: ip = [] {"uid":"69b5aa5"}
[2019-11-15 19:25:17] UTN FRA LOGGER.INFO: Datos  =PostmanRuntime/7.19.0 [] {"uid":"497b0fd"}
[2019-11-15 19:25:17] UTN FRA LOGGER.INFO: ip = [] {"uid":"497b0fd"}
[2019-11-15 19:26:06] UTN FRA LOGGER.INFO: Datos  =PostmanRuntime/7.19.0 [] {"uid":"ef7114c"}
[2019-11-15 19:26:06] UTN FRA LOGGER.INFO: ip = [] {"uid":"ef7114c"}
[2019-11-15 19:26:37] UTN FRA LOGGER.INFO: Datos  =PostmanRuntime/7.19.0 [] {"uid":"27376c0"}
[2019-11-15 19:26:37] UTN FRA LOGGER.INFO: ip = [] {"uid":"27376c0"}
[2019-11-15 19:28:24] UTN FRA LOGGER.INFO: Datos  =PostmanRuntime/7.19.0 [] {"uid":"eb46b25"}
[2019-11-15 19:28:24] UTN FRA LOGGER.INFO: ip = [] {"uid":"eb46b25"}
[2019-11-15 19:30:30] UTN FRA LOGGER.INFO: Datos  =PostmanRuntime/7.19.0 [] {"uid":"d51fda2"}
[2019-11-15 19:30:30] UTN FRA LOGGER.INFO: ip = [] {"uid":"d51fda2"}
[2019-11-15 19:31:43] UTN FRA LOGGER.INFO: Datos  =PostmanRuntime/7.19.0 [] {"uid":"9890696"}
[2019-11-15 19:31:43] UTN FRA LOGGER.INFO: ip = [] {"uid":"9890696"}
[2019-11-15 19:31:58] UTN FRA LOGGER.INFO: Datos  =PostmanRuntime/7.19.0 [] {"uid":"8d6f6cf"}
[2019-11-15 19:31:58] UTN FRA LOGGER.INFO: ip = [] {"uid":"8d6f6cf"}
[2019-11-15 19:33:33] UTN FRA LOGGER.INFO: Datos  =PostmanRuntime/7.19.0 [] {"uid":"a3259ef"}
[2019-11-15 19:33:33] UTN FRA LOGGER.INFO: ip = [] {"uid":"a3259ef"}
[2019-11-15 19:35:02] UTN FRA LOGGER.INFO: Datos  =PostmanRuntime/7.19.0 [] {"uid":"3f49cd0"}
[2019-11-15 19:35:02] UTN FRA LOGGER.INFO: ip = [] {"uid":"3f49cd0"}
[2019-11-15 19:41:14] UTN FRA LOGGER.INFO: Datos  =PostmanRuntime/7.19.0 [] {"uid":"e1caf9c"}
[2019-11-15 19:41:14] UTN FRA LOGGER.INFO: ip = [] {"uid":"e1caf9c"}
[2019-11-15 19:41:33] UTN FRA LOGGER.INFO: Datos  =PostmanRuntime/7.19.0 [] {"uid":"fb4e2b8"}
[2019-11-15 19:41:33] UTN FRA LOGGER.INFO: ip = [] {"uid":"fb4e2b8"}
[2019-11-15 19:44:22] UTN FRA LOGGER.INFO: Datos  =PostmanRuntime/7.19.0 [] {"uid":"926c54f"}
[2019-11-15 19:44:22] UTN FRA LOGGER.INFO: ip = [] {"uid":"926c54f"}
[2019-11-15 19:44:35] UTN FRA LOGGER.INFO: Datos  =PostmanRuntime/7.19.0 [] {"uid":"063b5d2"}
[2019-11-15 19:44:35] UTN FRA LOGGER.INFO: ip = [] {"uid":"063b5d2"}
[2019-11-15 19:44:48] UTN FRA LOGGER.INFO: Datos  =PostmanRuntime/7.19.0 [] {"uid":"3022033"}
[2019-11-15 19:44:48] UTN FRA LOGGER.INFO: ip = [] {"uid":"3022033"}
[2019-11-15 19:46:13] UTN FRA LOGGER.INFO: Datos  =PostmanRuntime/7.19.0 [] {"uid":"4d33b3a"}
[2019-11-15 19:46:13] UTN FRA LOGGER.INFO: ip = [] {"uid":"4d33b3a"}
[2019-11-15 19:51:20] UTN FRA LOGGER.INFO: Datos  =PostmanRuntime/7.19.0 [] {"uid":"b96f0ff"}
[2019-11-15 19:51:20] UTN FRA LOGGER.INFO: ip = [] {"uid":"b96f0ff"}
[2019-11-15 19:51:35] UTN FRA LOGGER.INFO: Datos  =PostmanRuntime/7.19.0 [] {"uid":"6d24373"}
[2019-11-15 19:51:35] UTN FRA LOGGER.INFO: ip = [] {"uid":"6d24373"}
[2019-11-15 19:52:12] UTN FRA LOGGER.INFO: Datos  =PostmanRuntime/7.19.0 [] {"uid":"2975788"}
[2019-11-15 19:52:12] UTN FRA LOGGER.INFO: ip = [] {"uid":"2975788"}
[2019-11-15 19:52:14] UTN FRA LOGGER.INFO: Datos  =PostmanRuntime/7.19.0 [] {"uid":"7307d34"}
[2019-11-15 19:52:14] UTN FRA LOGGER.INFO: ip = [] {"uid":"7307d34"}
[2019-11-15 19:52:17] UTN FRA LOGGER.INFO: Datos  =PostmanRuntime/7.19.0 [] {"uid":"40b5648"}
[2019-11-15 19:52:17] UTN FRA LOGGER.INFO: ip = [] {"uid":"40b5648"}
[2019-11-15 19:54:53] UTN FRA LOGGER.INFO: Datos  =PostmanRuntime/7.19.0 [] {"uid":"c145fbe"}
[2019-11-15 19:54:53] UTN FRA LOGGER.INFO: ip = [] {"uid":"c145fbe"}
[2019-11-15 20:16:21] UTN FRA LOGGER.INFO: Datos  =PostmanRuntime/7.19.0 [] {"uid":"221bb15"}
[2019-11-15 20:16:21] UTN FRA LOGGER.INFO: ip = [] {"uid":"221bb15"}
[2019-11-15 20:16:52] UTN FRA LOGGER.INFO: Datos  =PostmanRuntime/7.19.0 [] {"uid":"29aa976"}
[2019-11-15 20:16:52] UTN FRA LOGGER.INFO: ip = [] {"uid":"29aa976"}
[2019-11-15 20:18:09] UTN FRA LOGGER.INFO: Datos  =PostmanRuntime/7.19.0 [] {"uid":"e10dfc7"}
[2019-11-15 20:18:09] UTN FRA LOGGER.INFO: ip = [] {"uid":"e10dfc7"}
[2019-11-15 20:18:19] UTN FRA LOGGER.INFO: Datos  =PostmanRuntime/7.19.0 [] {"uid":"2e9d8b1"}
[2019-11-15 20:18:19] UTN FRA LOGGER.INFO: ip = [] {"uid":"2e9d8b1"}
[2019-11-15 20:18:52] UTN FRA LOGGER.INFO: Datos  =PostmanRuntime/7.19.0 [] {"uid":"25ebf21"}
[2019-11-15 20:18:52] UTN FRA LOGGER.INFO: ip = [] {"uid":"25ebf21"}
[2019-11-15 20:19:24] UTN FRA LOGGER.INFO: Datos  =PostmanRuntime/7.19.0 [] {"uid":"e7d1015"}
[2019-11-15 20:19:24] UTN FRA LOGGER.INFO: ip = [] {"uid":"e7d1015"}
[2019-11-15 20:20:06] UTN FRA LOGGER.INFO: Datos  =PostmanRuntime/7.19.0 [] {"uid":"87a379d"}
[2019-11-15 20:20:06] UTN FRA LOGGER.INFO: ip = [] {"uid":"87a379d"}
[2019-11-15 20:21:27] UTN FRA LOGGER.INFO: Datos  =PostmanRuntime/7.19.0 [] {"uid":"6523b79"}
[2019-11-15 20:21:27] UTN FRA LOGGER.INFO: ip = [] {"uid":"6523b79"}
[2019-11-15 20:22:10] UTN FRA LOGGER.INFO: Datos  =PostmanRuntime/7.19.0 [] {"uid":"85c7c73"}
[2019-11-15 20:22:10] UTN FRA LOGGER.INFO: ip = [] {"uid":"85c7c73"}
[2019-11-15 20:23:37] UTN FRA LOGGER.INFO: Datos  =PostmanRuntime/7.19.0 [] {"uid":"29f6866"}
[2019-11-15 20:23:37] UTN FRA LOGGER.INFO: ip = [] {"uid":"29f6866"}
[2019-11-15 20:43:58] UTN FRA LOGGER.INFO: Datos  =PostmanRuntime/7.19.0 [] {"uid":"b4bb3e7"}
[2019-11-15 20:43:58] UTN FRA LOGGER.INFO: ip = [] {"uid":"b4bb3e7"}
[2019-11-15 20:45:04] UTN FRA LOGGER.INFO: Datos  =PostmanRuntime/7.19.0 [] {"uid":"5c1d2b2"}
[2019-11-15 20:45:04] UTN FRA LOGGER.INFO: ip = [] {"uid":"5c1d2b2"}
[2019-11-15 20:51:39] UTN FRA LOGGER.INFO: Datos  =PostmanRuntime/7.19.0 [] {"uid":"13a5ad7"}
[2019-11-15 20:51:39] UTN FRA LOGGER.INFO: ip = [] {"uid":"13a5ad7"}
[2019-11-15 20:52:12] UTN FRA LOGGER.INFO: Datos  =PostmanRuntime/7.19.0 [] {"uid":"8740ec8"}
[2019-11-15 20:52:12] UTN FRA LOGGER.INFO: ip = [] {"uid":"8740ec8"}
[2019-11-15 20:53:24] UTN FRA LOGGER.INFO: Datos  =PostmanRuntime/7.19.0 [] {"uid":"152ed77"}
[2019-11-15 20:53:24] UTN FRA LOGGER.INFO: ip = [] {"uid":"152ed77"}
[2019-11-15 20:54:50] UTN FRA LOGGER.INFO: Datos  =PostmanRuntime/7.19.0 [] {"uid":"8023d96"}
[2019-11-15 20:54:50] UTN FRA LOGGER.INFO: ip = [] {"uid":"8023d96"}
[2019-11-15 20:55:31] UTN FRA LOGGER.INFO: Datos  =PostmanRuntime/7.19.0 [] {"uid":"2e71f32"}
[2019-11-15 20:55:31] UTN FRA LOGGER.INFO: ip = [] {"uid":"2e71f32"}
[2019-11-15 20:56:40] UTN FRA LOGGER.INFO: Datos  =PostmanRuntime/7.19.0 [] {"uid":"830bb5b"}
[2019-11-15 20:56:40] UTN FRA LOGGER.INFO: ip = [] {"uid":"830bb5b"}
[2019-11-16 19:01:00] UTN FRA LOGGER.INFO: Datos  =PostmanRuntime/7.19.0 [] {"uid":"3d17cea"}
[2019-11-16 19:01:00] UTN FRA LOGGER.INFO: ip = [] {"uid":"3d17cea"}
[2019-11-16 19:01:15] UTN FRA LOGGER.INFO: Datos  =PostmanRuntime/7.19.0 [] {"uid":"210184a"}
[2019-11-16 19:01:15] UTN FRA LOGGER.INFO: ip = [] {"uid":"210184a"}
[2019-11-16 19:01:48] UTN FRA LOGGER.INFO: Datos  =PostmanRuntime/7.19.0 [] {"uid":"3047b53"}
[2019-11-16 19:01:48] UTN FRA LOGGER.INFO: ip = [] {"uid":"3047b53"}
[2019-11-16 19:09:28] UTN FRA LOGGER.INFO: Datos  =PostmanRuntime/7.19.0 [] {"uid":"1af33d3"}
[2019-11-16 19:09:28] UTN FRA LOGGER.INFO: ip = [] {"uid":"1af33d3"}
[2019-11-16 19:10:13] UTN FRA LOGGER.INFO: Datos  =PostmanRuntime/7.19.0 [] {"uid":"89c5dcc"}
[2019-11-16 19:10:13] UTN FRA LOGGER.INFO: ip = [] {"uid":"89c5dcc"}
[2019-11-16 19:10:55] UTN FRA LOGGER.INFO: Datos  =PostmanRuntime/7.19.0 [] {"uid":"bf3e71a"}
[2019-11-16 19:10:55] UTN FRA LOGGER.INFO: ip = [] {"uid":"bf3e71a"}
[2019-11-16 19:11:12] UTN FRA LOGGER.INFO: Datos  =PostmanRuntime/7.19.0 [] {"uid":"629844e"}
[2019-11-16 19:11:12] UTN FRA LOGGER.INFO: ip = [] {"uid":"629844e"}
[2019-11-16 19:12:45] UTN FRA LOGGER.INFO: Datos  =PostmanRuntime/7.19.0 [] {"uid":"996e85c"}
[2019-11-16 19:12:45] UTN FRA LOGGER.INFO: ip = [] {"uid":"996e85c"}
[2019-11-16 19:14:52] UTN FRA LOGGER.INFO: Datos  =PostmanRuntime/7.19.0 [] {"uid":"b05f60c"}
[2019-11-16 19:14:52] UTN FRA LOGGER.INFO: ip = [] {"uid":"b05f60c"}
[2019-11-16 19:17:39] UTN FRA LOGGER.INFO: Datos  =PostmanRuntime/7.19.0 [] {"uid":"b5c4c81"}
[2019-11-16 19:17:39] UTN FRA LOGGER.INFO: ip = [] {"uid":"b5c4c81"}
[2019-11-16 19:17:49] UTN FRA LOGGER.INFO: Datos  =PostmanRuntime/7.19.0 [] {"uid":"5f22e38"}
[2019-11-16 19:17:49] UTN FRA LOGGER.INFO: ip = [] {"uid":"5f22e38"}
[2019-11-16 19:21:16] UTN FRA LOGGER.INFO: Datos  =PostmanRuntime/7.19.0 [] {"uid":"f9d7cbc"}
[2019-11-16 19:21:16] UTN FRA LOGGER.INFO: ip = [] {"uid":"f9d7cbc"}
[2019-11-16 19:21:27] UTN FRA LOGGER.INFO: Datos  =PostmanRuntime/7.19.0 [] {"uid":"84930d3"}
[2019-11-16 19:21:27] UTN FRA LOGGER.INFO: ip = [] {"uid":"84930d3"}
[2019-11-16 19:21:48] UTN FRA LOGGER.INFO: Datos  =PostmanRuntime/7.19.0 [] {"uid":"f4af60b"}
[2019-11-16 19:21:48] UTN FRA LOGGER.INFO: ip = [] {"uid":"f4af60b"}
[2019-11-16 19:42:12] UTN FRA LOGGER.INFO: Datos  =PostmanRuntime/7.19.0 [] {"uid":"66c27c6"}
[2019-11-16 19:42:12] UTN FRA LOGGER.INFO: ip = [] {"uid":"66c27c6"}
[2019-11-16 19:42:25] UTN FRA LOGGER.INFO: Datos  =PostmanRuntime/7.19.0 [] {"uid":"56f6213"}
[2019-11-16 19:42:25] UTN FRA LOGGER.INFO: ip = [] {"uid":"56f6213"}
[2019-11-16 19:42:57] UTN FRA LOGGER.INFO: Datos  =PostmanRuntime/7.19.0 [] {"uid":"3c703f4"}
[2019-11-16 19:42:57] UTN FRA LOGGER.INFO: ip = [] {"uid":"3c703f4"}
[2019-11-16 19:43:13] UTN FRA LOGGER.INFO: Datos  =PostmanRuntime/7.19.0 [] {"uid":"fd7cb32"}
[2019-11-16 19:43:13] UTN FRA LOGGER.INFO: ip = [] {"uid":"fd7cb32"}
[2019-11-16 19:43:50] UTN FRA LOGGER.INFO: Datos  =PostmanRuntime/7.19.0 [] {"uid":"8d7dc26"}
[2019-11-16 19:43:50] UTN FRA LOGGER.INFO: ip = [] {"uid":"8d7dc26"}
[2019-11-16 19:46:38] UTN FRA LOGGER.INFO: Datos  =PostmanRuntime/7.19.0 [] {"uid":"cd9ba8a"}
[2019-11-16 19:46:38] UTN FRA LOGGER.INFO: ip = [] {"uid":"cd9ba8a"}
[2019-11-16 19:47:46] UTN FRA LOGGER.INFO: Datos  =PostmanRuntime/7.19.0 [] {"uid":"cdc92cc"}
[2019-11-16 19:47:46] UTN FRA LOGGER.INFO: ip = [] {"uid":"cdc92cc"}
[2019-11-16 19:47:57] UTN FRA LOGGER.INFO: Datos  =PostmanRuntime/7.19.0 [] {"uid":"89bb28b"}
[2019-11-16 19:47:57] UTN FRA LOGGER.INFO: ip = [] {"uid":"89bb28b"}
[2019-11-16 19:47:58] UTN FRA LOGGER.INFO: Datos  =PostmanRuntime/7.19.0 [] {"uid":"98428a2"}
[2019-11-16 19:47:58] UTN FRA LOGGER.INFO: ip = [] {"uid":"98428a2"}
[2019-11-16 19:48:12] UTN FRA LOGGER.INFO: Datos  =PostmanRuntime/7.19.0 [] {"uid":"4df3ca2"}
[2019-11-16 19:48:12] UTN FRA LOGGER.INFO: ip = [] {"uid":"4df3ca2"}
[2019-11-16 19:49:10] UTN FRA LOGGER.INFO: Datos  =PostmanRuntime/7.19.0 [] {"uid":"02ee53b"}
[2019-11-16 19:49:10] UTN FRA LOGGER.INFO: ip = [] {"uid":"02ee53b"}
[2019-11-16 19:49:20] UTN FRA LOGGER.INFO: Datos  =PostmanRuntime/7.19.0 [] {"uid":"4d7133e"}
[2019-11-16 19:49:20] UTN FRA LOGGER.INFO: ip = [] {"uid":"4d7133e"}
[2019-11-16 19:49:39] UTN FRA LOGGER.INFO: Datos  =PostmanRuntime/7.19.0 [] {"uid":"77dc20c"}
[2019-11-16 19:49:39] UTN FRA LOGGER.INFO: ip = [] {"uid":"77dc20c"}
[2019-11-16 19:50:33] UTN FRA LOGGER.INFO: Datos  =PostmanRuntime/7.19.0 [] {"uid":"63daf70"}
[2019-11-16 19:50:33] UTN FRA LOGGER.INFO: ip = [] {"uid":"63daf70"}
[2019-11-16 19:50:46] UTN FRA LOGGER.INFO: Datos  =Mozilla/5.0 (Windows NT 10.0; Win64; x64; rv:70.0) Gecko/20100101 Firefox/70.0 [] {"uid":"c58d029"}
[2019-11-16 19:50:46] UTN FRA LOGGER.INFO: ip = [] {"uid":"c58d029"}
[2019-11-16 19:51:01] UTN FRA LOGGER.INFO: Datos  =PostmanRuntime/7.19.0 [] {"uid":"86eda6f"}
[2019-11-16 19:51:01] UTN FRA LOGGER.INFO: ip = [] {"uid":"86eda6f"}
[2019-11-16 19:52:07] UTN FRA LOGGER.INFO: Datos  =PostmanRuntime/7.19.0 [] {"uid":"7f18b39"}
[2019-11-16 19:52:07] UTN FRA LOGGER.INFO: ip = [] {"uid":"7f18b39"}
[2019-11-16 19:52:25] UTN FRA LOGGER.INFO: Datos  =PostmanRuntime/7.19.0 [] {"uid":"608083d"}
[2019-11-16 19:52:25] UTN FRA LOGGER.INFO: ip = [] {"uid":"608083d"}
[2019-11-16 19:53:25] UTN FRA LOGGER.INFO: Datos  =PostmanRuntime/7.19.0 [] {"uid":"5c92a3c"}
[2019-11-16 19:53:25] UTN FRA LOGGER.INFO: ip = [] {"uid":"5c92a3c"}
[2019-11-16 19:54:05] UTN FRA LOGGER.INFO: Datos  =PostmanRuntime/7.19.0 [] {"uid":"51a70be"}
[2019-11-16 19:54:05] UTN FRA LOGGER.INFO: ip = [] {"uid":"51a70be"}
[2019-11-16 19:54:23] UTN FRA LOGGER.INFO: Datos  =PostmanRuntime/7.19.0 [] {"uid":"85741a1"}
[2019-11-16 19:54:23] UTN FRA LOGGER.INFO: ip = [] {"uid":"85741a1"}
[2019-11-16 19:58:05] UTN FRA LOGGER.INFO: Datos  =PostmanRuntime/7.19.0 [] {"uid":"82893b3"}
[2019-11-16 19:58:05] UTN FRA LOGGER.INFO: ip = [] {"uid":"82893b3"}
[2019-11-16 19:58:20] UTN FRA LOGGER.INFO: Datos  =PostmanRuntime/7.19.0 [] {"uid":"9f54187"}
[2019-11-16 19:58:20] UTN FRA LOGGER.INFO: ip = [] {"uid":"9f54187"}
[2019-11-16 20:00:45] UTN FRA LOGGER.INFO: Datos  =PostmanRuntime/7.19.0 [] {"uid":"3f8be7d"}
[2019-11-16 20:00:45] UTN FRA LOGGER.INFO: ip = [] {"uid":"3f8be7d"}
[2019-11-16 20:01:45] UTN FRA LOGGER.INFO: Datos  =PostmanRuntime/7.19.0 [] {"uid":"4754b85"}
[2019-11-16 20:01:45] UTN FRA LOGGER.INFO: ip = [] {"uid":"4754b85"}
[2019-11-16 20:02:06] UTN FRA LOGGER.INFO: Datos  =PostmanRuntime/7.19.0 [] {"uid":"afd544f"}
[2019-11-16 20:02:06] UTN FRA LOGGER.INFO: ip = [] {"uid":"afd544f"}
[2019-11-16 20:05:49] UTN FRA LOGGER.INFO: Datos  =PostmanRuntime/7.19.0 [] {"uid":"0ca74b4"}
[2019-11-16 20:05:49] UTN FRA LOGGER.INFO: ip = [] {"uid":"0ca74b4"}
[2019-11-16 20:06:45] UTN FRA LOGGER.INFO: Datos  =PostmanRuntime/7.19.0 [] {"uid":"8f7e69d"}
[2019-11-16 20:06:45] UTN FRA LOGGER.INFO: ip = [] {"uid":"8f7e69d"}
[2019-11-16 20:07:12] UTN FRA LOGGER.INFO: Datos  =PostmanRuntime/7.19.0 [] {"uid":"11a4890"}
[2019-11-16 20:07:12] UTN FRA LOGGER.INFO: ip = [] {"uid":"11a4890"}
[2019-11-16 20:11:41] UTN FRA LOGGER.INFO: Datos  =PostmanRuntime/7.19.0 [] {"uid":"66f4663"}
[2019-11-16 20:11:41] UTN FRA LOGGER.INFO: ip = [] {"uid":"66f4663"}
[2019-11-16 20:13:25] UTN FRA LOGGER.INFO: Datos  =PostmanRuntime/7.19.0 [] {"uid":"7997a8b"}
[2019-11-16 20:13:25] UTN FRA LOGGER.INFO: ip = [] {"uid":"7997a8b"}
[2019-11-16 20:13:52] UTN FRA LOGGER.INFO: Datos  =PostmanRuntime/7.19.0 [] {"uid":"106b559"}
[2019-11-16 20:13:52] UTN FRA LOGGER.INFO: ip = [] {"uid":"106b559"}
[2019-11-16 20:14:02] UTN FRA LOGGER.INFO: Datos  =PostmanRuntime/7.19.0 [] {"uid":"92cf43e"}
[2019-11-16 20:14:02] UTN FRA LOGGER.INFO: ip = [] {"uid":"92cf43e"}
[2019-11-16 20:14:28] UTN FRA LOGGER.INFO: Datos  =PostmanRuntime/7.19.0 [] {"uid":"d99f5e6"}
[2019-11-16 20:14:28] UTN FRA LOGGER.INFO: ip = [] {"uid":"d99f5e6"}
[2019-11-16 20:14:59] UTN FRA LOGGER.INFO: Datos  =PostmanRuntime/7.19.0 [] {"uid":"92b02be"}
[2019-11-16 20:14:59] UTN FRA LOGGER.INFO: ip = [] {"uid":"92b02be"}
[2019-11-16 20:15:18] UTN FRA LOGGER.INFO: Datos  =PostmanRuntime/7.19.0 [] {"uid":"68d09ab"}
[2019-11-16 20:15:18] UTN FRA LOGGER.INFO: ip = [] {"uid":"68d09ab"}
[2019-11-16 20:15:32] UTN FRA LOGGER.INFO: Datos  =PostmanRuntime/7.19.0 [] {"uid":"7cb47dd"}
[2019-11-16 20:15:32] UTN FRA LOGGER.INFO: ip = [] {"uid":"7cb47dd"}
[2019-11-16 20:17:03] UTN FRA LOGGER.INFO: Datos  =PostmanRuntime/7.19.0 [] {"uid":"16e5822"}
[2019-11-16 20:17:03] UTN FRA LOGGER.INFO: ip = [] {"uid":"16e5822"}
[2019-11-16 20:17:18] UTN FRA LOGGER.INFO: Datos  =PostmanRuntime/7.19.0 [] {"uid":"a53a728"}
[2019-11-16 20:17:18] UTN FRA LOGGER.INFO: ip = [] {"uid":"a53a728"}
[2019-11-16 20:21:41] UTN FRA LOGGER.INFO: Datos  =PostmanRuntime/7.19.0 [] {"uid":"72d5255"}
[2019-11-16 20:21:41] UTN FRA LOGGER.INFO: ip = [] {"uid":"72d5255"}
[2019-11-16 20:22:39] UTN FRA LOGGER.INFO: Datos  =PostmanRuntime/7.19.0 [] {"uid":"4166a61"}
[2019-11-16 20:22:39] UTN FRA LOGGER.INFO: ip = [] {"uid":"4166a61"}
[2019-11-16 20:23:18] UTN FRA LOGGER.INFO: Datos  =PostmanRuntime/7.19.0 [] {"uid":"98e0786"}
[2019-11-16 20:23:18] UTN FRA LOGGER.INFO: ip = [] {"uid":"98e0786"}
[2019-11-16 20:27:32] UTN FRA LOGGER.INFO: Datos  =PostmanRuntime/7.19.0 [] {"uid":"9f727af"}
[2019-11-16 20:27:32] UTN FRA LOGGER.INFO: ip = [] {"uid":"9f727af"}
[2019-11-16 20:27:52] UTN FRA LOGGER.INFO: Datos  =PostmanRuntime/7.19.0 [] {"uid":"9345479"}
[2019-11-16 20:27:52] UTN FRA LOGGER.INFO: ip = [] {"uid":"9345479"}
[2019-11-16 20:28:21] UTN FRA LOGGER.INFO: Datos  =PostmanRuntime/7.19.0 [] {"uid":"6330ce2"}
[2019-11-16 20:28:21] UTN FRA LOGGER.INFO: ip = [] {"uid":"6330ce2"}
[2019-11-16 20:42:35] UTN FRA LOGGER.INFO: Datos  =PostmanRuntime/7.19.0 [] {"uid":"811eb1e"}
[2019-11-16 20:42:35] UTN FRA LOGGER.INFO: ip = [] {"uid":"811eb1e"}
[2019-11-16 20:42:44] UTN FRA LOGGER.INFO: Datos  =PostmanRuntime/7.19.0 [] {"uid":"c2043e2"}
[2019-11-16 20:42:44] UTN FRA LOGGER.INFO: ip = [] {"uid":"c2043e2"}
[2019-11-16 20:43:37] UTN FRA LOGGER.INFO: Datos  =PostmanRuntime/7.19.0 [] {"uid":"713fd6a"}
[2019-11-16 20:43:37] UTN FRA LOGGER.INFO: ip = [] {"uid":"713fd6a"}
[2019-11-16 20:45:41] UTN FRA LOGGER.INFO: Datos  =PostmanRuntime/7.19.0 [] {"uid":"c9ed2e9"}
[2019-11-16 20:45:41] UTN FRA LOGGER.INFO: ip = [] {"uid":"c9ed2e9"}
[2019-11-16 20:45:56] UTN FRA LOGGER.INFO: Datos  =PostmanRuntime/7.19.0 [] {"uid":"62f5287"}
[2019-11-16 20:45:56] UTN FRA LOGGER.INFO: ip = [] {"uid":"62f5287"}
[2019-11-16 20:46:23] UTN FRA LOGGER.INFO: Datos  =PostmanRuntime/7.19.0 [] {"uid":"98f583e"}
[2019-11-16 20:46:23] UTN FRA LOGGER.INFO: ip = [] {"uid":"98f583e"}
[2019-11-16 20:46:37] UTN FRA LOGGER.INFO: Datos  =PostmanRuntime/7.19.0 [] {"uid":"6b403f5"}
[2019-11-16 20:46:37] UTN FRA LOGGER.INFO: ip = [] {"uid":"6b403f5"}
[2019-11-16 20:46:44] UTN FRA LOGGER.INFO: Datos  =PostmanRuntime/7.19.0 [] {"uid":"0132537"}
[2019-11-16 20:46:44] UTN FRA LOGGER.INFO: ip = [] {"uid":"0132537"}
[2019-11-16 20:58:43] UTN FRA LOGGER.INFO: Datos  =PostmanRuntime/7.19.0 [] {"uid":"060f4cb"}
[2019-11-16 20:58:44] UTN FRA LOGGER.INFO: ip = [] {"uid":"060f4cb"}
[2019-11-16 21:00:25] UTN FRA LOGGER.INFO: Datos  =PostmanRuntime/7.19.0 [] {"uid":"44e71ea"}
[2019-11-16 21:00:25] UTN FRA LOGGER.INFO: ip = [] {"uid":"44e71ea"}
[2019-11-16 21:00:48] UTN FRA LOGGER.INFO: Datos  =PostmanRuntime/7.19.0 [] {"uid":"454be2c"}
[2019-11-16 21:00:48] UTN FRA LOGGER.INFO: ip = [] {"uid":"454be2c"}
[2019-11-16 21:01:10] UTN FRA LOGGER.INFO: Datos  =PostmanRuntime/7.19.0 [] {"uid":"1f2f02e"}
[2019-11-16 21:01:10] UTN FRA LOGGER.INFO: ip = [] {"uid":"1f2f02e"}
[2019-11-16 21:07:31] UTN FRA LOGGER.INFO: Datos  =PostmanRuntime/7.19.0 [] {"uid":"de7f573"}
[2019-11-16 21:07:31] UTN FRA LOGGER.INFO: ip = [] {"uid":"de7f573"}
[2019-11-16 21:07:56] UTN FRA LOGGER.INFO: Datos  =PostmanRuntime/7.19.0 [] {"uid":"4a50a51"}
[2019-11-16 21:07:56] UTN FRA LOGGER.INFO: ip = [] {"uid":"4a50a51"}
[2019-11-16 21:08:15] UTN FRA LOGGER.INFO: Datos  =PostmanRuntime/7.19.0 [] {"uid":"77ea4e7"}
[2019-11-16 21:08:15] UTN FRA LOGGER.INFO: ip = [] {"uid":"77ea4e7"}
[2019-11-16 21:08:19] UTN FRA LOGGER.INFO: Datos  =PostmanRuntime/7.19.0 [] {"uid":"e627c14"}
[2019-11-16 21:08:19] UTN FRA LOGGER.INFO: ip = [] {"uid":"e627c14"}
[2019-11-25 20:52:35] UTN FRA LOGGER.INFO: Datos  =PostmanRuntime/7.20.1 [] {"uid":"ba83fde"}
[2019-11-25 20:52:35] UTN FRA LOGGER.INFO: ip =::1 [] {"uid":"ba83fde"}
[2019-11-25 20:53:08] UTN FRA LOGGER.INFO: Datos  =PostmanRuntime/7.20.1 [] {"uid":"dc1db50"}
[2019-11-25 20:53:08] UTN FRA LOGGER.INFO: ip =::1 [] {"uid":"dc1db50"}
[2019-11-25 20:54:51] UTN FRA LOGGER.INFO: Datos  =PostmanRuntime/7.20.1 [] {"uid":"466efa5"}
[2019-11-25 20:54:51] UTN FRA LOGGER.INFO: ip =::1 [] {"uid":"466efa5"}
[2019-11-25 20:54:57] UTN FRA LOGGER.INFO: Datos  =PostmanRuntime/7.20.1 [] {"uid":"1a77762"}
[2019-11-25 20:54:57] UTN FRA LOGGER.INFO: ip =::1 [] {"uid":"1a77762"}
[2019-11-25 20:56:36] UTN FRA LOGGER.INFO: Datos  =PostmanRuntime/7.20.1 [] {"uid":"696f5aa"}
[2019-11-25 20:56:36] UTN FRA LOGGER.INFO: ip =::1 [] {"uid":"696f5aa"}
[2019-11-25 20:56:39] UTN FRA LOGGER.INFO: Datos  =PostmanRuntime/7.20.1 [] {"uid":"c66ea73"}
[2019-11-25 20:56:39] UTN FRA LOGGER.INFO: ip =::1 [] {"uid":"c66ea73"}
[2019-11-25 21:02:24] UTN FRA LOGGER.INFO: Datos  =PostmanRuntime/7.20.1 [] {"uid":"19405bf"}
[2019-11-25 21:02:24] UTN FRA LOGGER.INFO: ip =::1 [] {"uid":"19405bf"}
[2019-11-25 21:02:32] UTN FRA LOGGER.INFO: Datos  =PostmanRuntime/7.20.1 [] {"uid":"dd1fb2f"}
[2019-11-25 21:02:32] UTN FRA LOGGER.INFO: ip =::1 [] {"uid":"dd1fb2f"}
[2019-11-25 21:04:14] UTN FRA LOGGER.INFO: Datos  =PostmanRuntime/7.20.1 [] {"uid":"460b586"}
[2019-11-25 21:04:14] UTN FRA LOGGER.INFO: ip =::1 [] {"uid":"460b586"}
[2019-11-25 21:04:47] UTN FRA LOGGER.INFO: Datos  =PostmanRuntime/7.20.1 [] {"uid":"4bb8115"}
[2019-11-25 21:04:47] UTN FRA LOGGER.INFO: ip =::1 [] {"uid":"4bb8115"}
[2019-11-25 21:04:52] UTN FRA LOGGER.INFO: Datos  =PostmanRuntime/7.20.1 [] {"uid":"cd2eeb9"}
[2019-11-25 21:04:52] UTN FRA LOGGER.INFO: ip =::1 [] {"uid":"cd2eeb9"}
[2019-11-25 21:06:37] UTN FRA LOGGER.INFO: Datos  =PostmanRuntime/7.20.1 [] {"uid":"a43b792"}
[2019-11-25 21:06:37] UTN FRA LOGGER.INFO: ip =::1 [] {"uid":"a43b792"}
[2019-11-25 21:06:54] UTN FRA LOGGER.INFO: Datos  =PostmanRuntime/7.20.1 [] {"uid":"db97ddf"}
[2019-11-25 21:06:54] UTN FRA LOGGER.INFO: ip =::1 [] {"uid":"db97ddf"}
[2019-11-25 21:08:24] UTN FRA LOGGER.INFO: Datos  =PostmanRuntime/7.20.1 [] {"uid":"f026013"}
[2019-11-25 21:08:24] UTN FRA LOGGER.INFO: ip =::1 [] {"uid":"f026013"}
[2019-11-25 21:08:38] UTN FRA LOGGER.INFO: Datos  =PostmanRuntime/7.20.1 [] {"uid":"5b93912"}
[2019-11-25 21:08:38] UTN FRA LOGGER.INFO: ip =::1 [] {"uid":"5b93912"}
[2019-11-25 21:09:44] UTN FRA LOGGER.INFO: Datos  =PostmanRuntime/7.20.1 [] {"uid":"98153ef"}
[2019-11-25 21:09:44] UTN FRA LOGGER.INFO: ip =::1 [] {"uid":"98153ef"}
[2019-11-25 21:10:07] UTN FRA LOGGER.INFO: Datos  =PostmanRuntime/7.20.1 [] {"uid":"fd14142"}
[2019-11-25 21:10:07] UTN FRA LOGGER.INFO: ip =::1 [] {"uid":"fd14142"}
[2019-11-25 21:17:40] UTN FRA LOGGER.INFO: Datos  =PostmanRuntime/7.20.1 [] {"uid":"331a143"}
[2019-11-25 21:17:40] UTN FRA LOGGER.INFO: ip =::1 [] {"uid":"331a143"}
[2019-11-25 21:18:37] UTN FRA LOGGER.INFO: Datos  =PostmanRuntime/7.20.1 [] {"uid":"1a7e1a3"}
[2019-11-25 21:18:37] UTN FRA LOGGER.INFO: ip =::1 [] {"uid":"1a7e1a3"}
[2019-11-25 21:19:38] UTN FRA LOGGER.INFO: Datos  =PostmanRuntime/7.20.1 [] {"uid":"4aa9773"}
[2019-11-25 21:19:38] UTN FRA LOGGER.INFO: ip =::1 [] {"uid":"4aa9773"}
[2019-11-25 21:19:57] UTN FRA LOGGER.INFO: Datos  =PostmanRuntime/7.20.1 [] {"uid":"47d5da2"}
[2019-11-25 21:19:57] UTN FRA LOGGER.INFO: ip =::1 [] {"uid":"47d5da2"}
[2019-11-25 21:21:05] UTN FRA LOGGER.INFO: Datos  =PostmanRuntime/7.20.1 [] {"uid":"24fd423"}
[2019-11-25 21:21:05] UTN FRA LOGGER.INFO: ip =::1 [] {"uid":"24fd423"}
[2019-11-25 21:21:12] UTN FRA LOGGER.INFO: Datos  =PostmanRuntime/7.20.1 [] {"uid":"1f00e46"}
[2019-11-25 21:21:12] UTN FRA LOGGER.INFO: ip =::1 [] {"uid":"1f00e46"}
[2019-11-25 21:22:30] UTN FRA LOGGER.INFO: Datos  =PostmanRuntime/7.20.1 [] {"uid":"9555623"}
[2019-11-25 21:22:30] UTN FRA LOGGER.INFO: ip =::1 [] {"uid":"9555623"}
[2019-11-25 21:23:04] UTN FRA LOGGER.INFO: Datos  =PostmanRuntime/7.20.1 [] {"uid":"dbe88c5"}
[2019-11-25 21:23:04] UTN FRA LOGGER.INFO: ip =::1 [] {"uid":"dbe88c5"}
[2019-11-25 21:23:14] UTN FRA LOGGER.INFO: Datos  =PostmanRuntime/7.20.1 [] {"uid":"ce691b4"}
[2019-11-25 21:23:14] UTN FRA LOGGER.INFO: ip =::1 [] {"uid":"ce691b4"}
[2019-11-25 21:23:23] UTN FRA LOGGER.INFO: Datos  =PostmanRuntime/7.20.1 [] {"uid":"8235fe1"}
[2019-11-25 21:23:23] UTN FRA LOGGER.INFO: ip =::1 [] {"uid":"8235fe1"}
[2019-11-25 21:26:20] UTN FRA LOGGER.INFO: Datos  =PostmanRuntime/7.20.1 [] {"uid":"c8d9cd8"}
[2019-11-25 21:26:20] UTN FRA LOGGER.INFO: ip =::1 [] {"uid":"c8d9cd8"}
[2019-11-25 21:27:41] UTN FRA LOGGER.INFO: Datos  =PostmanRuntime/7.20.1 [] {"uid":"ba5dd86"}
[2019-11-25 21:27:41] UTN FRA LOGGER.INFO: ip =::1 [] {"uid":"ba5dd86"}
[2019-11-25 21:27:46] UTN FRA LOGGER.INFO: Datos  =PostmanRuntime/7.20.1 [] {"uid":"4d83ce9"}
[2019-11-25 21:27:46] UTN FRA LOGGER.INFO: ip =::1 [] {"uid":"4d83ce9"}
[2019-11-25 21:27:51] UTN FRA LOGGER.INFO: Datos  =PostmanRuntime/7.20.1 [] {"uid":"faa6da4"}
[2019-11-25 21:27:51] UTN FRA LOGGER.INFO: ip =::1 [] {"uid":"faa6da4"}
[2019-11-25 21:27:55] UTN FRA LOGGER.INFO: Datos  =PostmanRuntime/7.20.1 [] {"uid":"d829277"}
[2019-11-25 21:27:55] UTN FRA LOGGER.INFO: ip =::1 [] {"uid":"d829277"}
[2019-11-25 21:29:36] UTN FRA LOGGER.INFO: Datos  =PostmanRuntime/7.20.1 [] {"uid":"a21ee83"}
[2019-11-25 21:29:36] UTN FRA LOGGER.INFO: ip =::1 [] {"uid":"a21ee83"}
[2019-11-25 21:29:42] UTN FRA LOGGER.INFO: Datos  =PostmanRuntime/7.20.1 [] {"uid":"d31797b"}
[2019-11-25 21:29:42] UTN FRA LOGGER.INFO: ip =::1 [] {"uid":"d31797b"}
[2019-11-25 21:31:08] UTN FRA LOGGER.INFO: Datos  =PostmanRuntime/7.20.1 [] {"uid":"ac0821c"}
[2019-11-25 21:31:08] UTN FRA LOGGER.INFO: ip =::1 [] {"uid":"ac0821c"}
[2019-11-25 21:31:23] UTN FRA LOGGER.INFO: Datos  =PostmanRuntime/7.20.1 [] {"uid":"8541446"}
[2019-11-25 21:31:23] UTN FRA LOGGER.INFO: ip =::1 [] {"uid":"8541446"}
[2019-11-25 21:31:32] UTN FRA LOGGER.INFO: Datos  =PostmanRuntime/7.20.1 [] {"uid":"38a4d67"}
[2019-11-25 21:31:32] UTN FRA LOGGER.INFO: ip =::1 [] {"uid":"38a4d67"}
[2019-11-25 21:31:39] UTN FRA LOGGER.INFO: Datos  =PostmanRuntime/7.20.1 [] {"uid":"c7fdd0d"}
[2019-11-25 21:31:39] UTN FRA LOGGER.INFO: ip =::1 [] {"uid":"c7fdd0d"}
[2019-11-25 21:31:56] UTN FRA LOGGER.INFO: Datos  =PostmanRuntime/7.20.1 [] {"uid":"527dd8c"}
[2019-11-25 21:31:56] UTN FRA LOGGER.INFO: ip =::1 [] {"uid":"527dd8c"}
[2019-11-25 21:32:01] UTN FRA LOGGER.INFO: Datos  =PostmanRuntime/7.20.1 [] {"uid":"88d3e28"}
[2019-11-25 21:32:01] UTN FRA LOGGER.INFO: ip =::1 [] {"uid":"88d3e28"}
[2019-11-25 21:32:24] UTN FRA LOGGER.INFO: Datos  =PostmanRuntime/7.20.1 [] {"uid":"3209485"}
[2019-11-25 21:32:24] UTN FRA LOGGER.INFO: ip =::1 [] {"uid":"3209485"}
[2019-11-25 21:33:24] UTN FRA LOGGER.INFO: Datos  =PostmanRuntime/7.20.1 [] {"uid":"199371e"}
[2019-11-25 21:33:24] UTN FRA LOGGER.INFO: ip =::1 [] {"uid":"199371e"}
[2019-11-25 21:33:51] UTN FRA LOGGER.INFO: Datos  =PostmanRuntime/7.20.1 [] {"uid":"61bbcfd"}
[2019-11-25 21:33:51] UTN FRA LOGGER.INFO: ip =::1 [] {"uid":"61bbcfd"}
[2019-11-25 21:43:21] UTN FRA LOGGER.INFO: Datos  =PostmanRuntime/7.20.1 [] {"uid":"2b10ec4"}
[2019-11-25 21:43:21] UTN FRA LOGGER.INFO: ip =::1 [] {"uid":"2b10ec4"}
[2019-11-25 21:43:51] UTN FRA LOGGER.INFO: Datos  =PostmanRuntime/7.20.1 [] {"uid":"2fd06a2"}
[2019-11-25 21:43:51] UTN FRA LOGGER.INFO: ip =::1 [] {"uid":"2fd06a2"}
