{"caso":"cargarUsuario","hora":"05:42:58am","ip":"::1"}
{"caso":"cargarUsuario","hora":"05:44:36am","ip":"::1"}
{"caso":"cargarUsuario","hora":"05:45:06am","ip":"::1"}
{"caso":"cargarUsuario","hora":"05:51:01am","ip":"::1"}
{"caso":"cargarUsuario","hora":"01:17:47am","ip":"::1"}
{"caso":"cargarUsuario","hora":"01:18:18am","ip":"::1"}
{"caso":"cargarUsuario","hora":"01:18:40am","ip":"::1"}
{"caso":"login","hora":"01:34:37am","ip":"::1"}
{"caso":"login","hora":"01:38:37am","ip":"::1"}
{"caso":"modificarUsuario","hora":"02:00:13am","ip":"::1"}
{"caso":"modificarUsuario","hora":"02:01:56am","ip":"::1"}
{"caso":"modificarUsuario","hora":"02:07:39am","ip":"::1"}
{"caso":"modificarUsuario","hora":"02:10:20am","ip":"::1"}
{"caso":"modificarUsuario","hora":"02:16:27am","ip":"::1"}
{"caso":"verUsuarios","hora":"02:18:21am","ip":"::1"}
{"caso":"verUsuario","hora":"02:21:04am","ip":"::1"}
{"caso":"logs","hora":"02:22:02am","ip":"::1"}
{"caso":"logs","hora":"02:22:15am","ip":"::1"}
{"caso":"logs","hora":"02:22:20am","ip":"::1"}
{"caso":"logs","hora":"02:23:31am","ip":"::1"}
{"caso":"logs","hora":"02:23:36am","ip":"::1"}
{"caso":"logs","hora":"02:23:49am","ip":"::1"}
{"caso":"logs","hora":"02:48:17am","ip":"::1"}
{"caso":"logs","hora":"02:49:08am","ip":"::1"}
{"caso":"logs","hora":"02:49:15am","ip":"::1"}
{"caso":"logs","hora":"02:50:48am","ip":"::1"}
{"caso":"logs","hora":"02:51:23am","ip":"::1"}
{"caso":"logs","hora":"02:54:59am","ip":"::1"}
{"caso":"logs","hora":"02:56:47am","ip":"::1"}
